{"/Users/azamatos/www/yandex/shri-2025/src/App.tsx": {"path":"/Users/azamatos/www/yandex/shri-2025/src/App.tsx","all":true,"statementMap":{"0":{"start":{"line":1,"column":0},"end":{"line":1,"column":52}},"1":{"start":{"line":2,"column":0},"end":{"line":2,"column":47}},"2":{"start":{"line":3,"column":0},"end":{"line":3,"column":45}},"3":{"start":{"line":4,"column":0},"end":{"line":4,"column":39}},"4":{"start":{"line":5,"column":0},"end":{"line":5,"column":74}},"6":{"start":{"line":7,"column":0},"end":{"line":7,"column":16}},"7":{"start":{"line":8,"column":0},"end":{"line":8,"column":12}},"8":{"start":{"line":9,"column":0},"end":{"line":9,"column":15}},"9":{"start":{"line":10,"column":0},"end":{"line":10,"column":21}},"10":{"start":{"line":11,"column":0},"end":{"line":11,"column":41}},"11":{"start":{"line":12,"column":0},"end":{"line":12,"column":43}},"12":{"start":{"line":13,"column":0},"end":{"line":13,"column":14}},"14":{"start":{"line":15,"column":0},"end":{"line":15,"column":20}},"15":{"start":{"line":16,"column":0},"end":{"line":16,"column":48}},"16":{"start":{"line":17,"column":0},"end":{"line":17,"column":61}},"17":{"start":{"line":18,"column":0},"end":{"line":18,"column":73}},"18":{"start":{"line":19,"column":0},"end":{"line":19,"column":71}},"19":{"start":{"line":20,"column":0},"end":{"line":20,"column":24}},"20":{"start":{"line":21,"column":0},"end":{"line":21,"column":21}},"21":{"start":{"line":22,"column":0},"end":{"line":22,"column":17}},"23":{"start":{"line":24,"column":0},"end":{"line":24,"column":1}},"25":{"start":{"line":26,"column":0},"end":{"line":26,"column":19}}},"s":{"0":0,"1":0,"2":0,"3":0,"4":0,"6":0,"7":0,"8":0,"9":0,"10":0,"11":0,"12":0,"14":0,"15":0,"16":0,"17":0,"18":0,"19":0,"20":0,"21":0,"23":0,"25":0},"branchMap":{"0":{"type":"branch","line":1,"loc":{"start":{"line":1,"column":0},"end":{"line":26,"column":-493}},"locations":[{"start":{"line":1,"column":0},"end":{"line":26,"column":-493}}]}},"b":{"0":[0]},"fnMap":{"0":{"name":"(empty-report)","decl":{"start":{"line":1,"column":0},"end":{"line":26,"column":-493}},"loc":{"start":{"line":1,"column":0},"end":{"line":26,"column":-493}},"line":1}},"f":{"0":0}}
,"/Users/azamatos/www/yandex/shri-2025/src/components/ClearHistoryButton/ClearHistoryButton.tsx": {"path":"/Users/azamatos/www/yandex/shri-2025/src/components/ClearHistoryButton/ClearHistoryButton.tsx","all":true,"statementMap":{"0":{"start":{"line":1,"column":0},"end":{"line":1,"column":54}},"4":{"start":{"line":5,"column":0},"end":{"line":5,"column":41}},"5":{"start":{"line":6,"column":0},"end":{"line":6,"column":56}},"7":{"start":{"line":8,"column":0},"end":{"line":8,"column":38}},"8":{"start":{"line":9,"column":0},"end":{"line":9,"column":23}},"9":{"start":{"line":10,"column":0},"end":{"line":10,"column":30}},"10":{"start":{"line":11,"column":0},"end":{"line":11,"column":6}},"12":{"start":{"line":13,"column":0},"end":{"line":13,"column":31}},"13":{"start":{"line":14,"column":0},"end":{"line":14,"column":20}},"14":{"start":{"line":15,"column":0},"end":{"line":15,"column":5}},"16":{"start":{"line":17,"column":0},"end":{"line":17,"column":12}},"17":{"start":{"line":18,"column":0},"end":{"line":18,"column":61}},"19":{"start":{"line":20,"column":0},"end":{"line":20,"column":17}},"21":{"start":{"line":22,"column":0},"end":{"line":22,"column":2}}},"s":{"0":0,"4":0,"5":0,"7":0,"8":0,"9":0,"10":0,"12":0,"13":0,"14":0,"16":0,"17":0,"19":0,"21":0},"branchMap":{"0":{"type":"branch","line":1,"loc":{"start":{"line":1,"column":0},"end":{"line":22,"column":-291}},"locations":[{"start":{"line":1,"column":0},"end":{"line":22,"column":-291}}]}},"b":{"0":[0]},"fnMap":{"0":{"name":"(empty-report)","decl":{"start":{"line":1,"column":0},"end":{"line":22,"column":-291}},"loc":{"start":{"line":1,"column":0},"end":{"line":22,"column":-291}},"line":1}},"f":{"0":0}}
,"/Users/azamatos/www/yandex/shri-2025/src/components/Dropzone/Dropzone.tsx": {"path":"/Users/azamatos/www/yandex/shri-2025/src/components/Dropzone/Dropzone.tsx","all":false,"statementMap":{"0":{"start":{"line":1,"column":0},"end":{"line":1,"column":58}},"21":{"start":{"line":22,"column":0},"end":{"line":22,"column":88}},"22":{"start":{"line":23,"column":0},"end":{"line":23,"column":60}},"23":{"start":{"line":24,"column":0},"end":{"line":24,"column":80}},"24":{"start":{"line":25,"column":0},"end":{"line":25,"column":59}},"26":{"start":{"line":27,"column":0},"end":{"line":27,"column":49}},"28":{"start":{"line":29,"column":0},"end":{"line":29,"column":40}},"29":{"start":{"line":30,"column":0},"end":{"line":30,"column":33}},"30":{"start":{"line":31,"column":0},"end":{"line":31,"column":31}},"31":{"start":{"line":32,"column":0},"end":{"line":32,"column":32}},"33":{"start":{"line":34,"column":0},"end":{"line":34,"column":31}},"34":{"start":{"line":35,"column":0},"end":{"line":35,"column":23}},"35":{"start":{"line":36,"column":0},"end":{"line":36,"column":13}},"37":{"start":{"line":38,"column":0},"end":{"line":38,"column":34}},"38":{"start":{"line":39,"column":0},"end":{"line":39,"column":37}},"39":{"start":{"line":40,"column":0},"end":{"line":40,"column":10}},"40":{"start":{"line":41,"column":0},"end":{"line":41,"column":22}},"41":{"start":{"line":42,"column":0},"end":{"line":42,"column":6}},"43":{"start":{"line":44,"column":0},"end":{"line":44,"column":39}},"44":{"start":{"line":45,"column":0},"end":{"line":45,"column":33}},"45":{"start":{"line":46,"column":0},"end":{"line":46,"column":31}},"46":{"start":{"line":47,"column":0},"end":{"line":47,"column":32}},"47":{"start":{"line":48,"column":0},"end":{"line":48,"column":10}},"48":{"start":{"line":49,"column":0},"end":{"line":49,"column":22}},"49":{"start":{"line":50,"column":0},"end":{"line":50,"column":6}},"51":{"start":{"line":52,"column":0},"end":{"line":52,"column":65}},"52":{"start":{"line":53,"column":0},"end":{"line":53,"column":27}},"53":{"start":{"line":54,"column":0},"end":{"line":54,"column":28}},"54":{"start":{"line":55,"column":0},"end":{"line":55,"column":31}},"55":{"start":{"line":56,"column":0},"end":{"line":56,"column":11}},"57":{"start":{"line":58,"column":0},"end":{"line":58,"column":54}},"58":{"start":{"line":59,"column":0},"end":{"line":59,"column":39}},"59":{"start":{"line":60,"column":0},"end":{"line":60,"column":69}},"60":{"start":{"line":61,"column":0},"end":{"line":61,"column":19}},"61":{"start":{"line":62,"column":0},"end":{"line":62,"column":9}},"63":{"start":{"line":64,"column":0},"end":{"line":64,"column":33}},"64":{"start":{"line":65,"column":0},"end":{"line":65,"column":35}},"65":{"start":{"line":66,"column":0},"end":{"line":66,"column":6}},"67":{"start":{"line":68,"column":0},"end":{"line":68,"column":35}},"68":{"start":{"line":69,"column":0},"end":{"line":69,"column":33}},"69":{"start":{"line":70,"column":0},"end":{"line":70,"column":31}},"70":{"start":{"line":71,"column":0},"end":{"line":71,"column":32}},"72":{"start":{"line":73,"column":0},"end":{"line":73,"column":35}},"74":{"start":{"line":75,"column":0},"end":{"line":75,"column":31}},"75":{"start":{"line":76,"column":0},"end":{"line":76,"column":23}},"76":{"start":{"line":77,"column":0},"end":{"line":77,"column":13}},"78":{"start":{"line":79,"column":0},"end":{"line":79,"column":58}},"80":{"start":{"line":81,"column":0},"end":{"line":81,"column":30}},"81":{"start":{"line":82,"column":0},"end":{"line":82,"column":46}},"82":{"start":{"line":83,"column":0},"end":{"line":83,"column":13}},"83":{"start":{"line":84,"column":0},"end":{"line":84,"column":10}},"84":{"start":{"line":85,"column":0},"end":{"line":85,"column":36}},"85":{"start":{"line":86,"column":0},"end":{"line":86,"column":6}},"87":{"start":{"line":88,"column":0},"end":{"line":88,"column":42}},"88":{"start":{"line":89,"column":0},"end":{"line":89,"column":53}},"89":{"start":{"line":90,"column":0},"end":{"line":90,"column":53}},"91":{"start":{"line":92,"column":0},"end":{"line":92,"column":31}},"92":{"start":{"line":93,"column":0},"end":{"line":93,"column":47}},"93":{"start":{"line":94,"column":0},"end":{"line":94,"column":36}},"94":{"start":{"line":95,"column":0},"end":{"line":95,"column":13}},"95":{"start":{"line":96,"column":0},"end":{"line":96,"column":10}},"96":{"start":{"line":97,"column":0},"end":{"line":97,"column":22}},"97":{"start":{"line":98,"column":0},"end":{"line":98,"column":6}},"99":{"start":{"line":100,"column":0},"end":{"line":100,"column":87}},"100":{"start":{"line":101,"column":0},"end":{"line":101,"column":28}},"101":{"start":{"line":102,"column":0},"end":{"line":102,"column":33}},"102":{"start":{"line":103,"column":0},"end":{"line":103,"column":34}},"103":{"start":{"line":104,"column":0},"end":{"line":104,"column":11}},"105":{"start":{"line":106,"column":0},"end":{"line":106,"column":47}},"106":{"start":{"line":107,"column":0},"end":{"line":107,"column":37}},"107":{"start":{"line":108,"column":0},"end":{"line":108,"column":37}},"108":{"start":{"line":109,"column":0},"end":{"line":109,"column":38}},"109":{"start":{"line":110,"column":0},"end":{"line":110,"column":9}},"110":{"start":{"line":111,"column":0},"end":{"line":111,"column":29}},"112":{"start":{"line":113,"column":0},"end":{"line":113,"column":33}},"113":{"start":{"line":114,"column":0},"end":{"line":114,"column":27}},"114":{"start":{"line":115,"column":0},"end":{"line":115,"column":20}},"115":{"start":{"line":116,"column":0},"end":{"line":116,"column":55}},"116":{"start":{"line":117,"column":0},"end":{"line":117,"column":30}},"117":{"start":{"line":118,"column":0},"end":{"line":118,"column":22}},"119":{"start":{"line":120,"column":0},"end":{"line":120,"column":9}},"121":{"start":{"line":122,"column":0},"end":{"line":122,"column":19}},"122":{"start":{"line":123,"column":0},"end":{"line":123,"column":20}},"123":{"start":{"line":124,"column":0},"end":{"line":124,"column":28}},"124":{"start":{"line":125,"column":0},"end":{"line":125,"column":40}},"125":{"start":{"line":126,"column":0},"end":{"line":126,"column":37}},"126":{"start":{"line":127,"column":0},"end":{"line":127,"column":56}},"127":{"start":{"line":128,"column":0},"end":{"line":128,"column":47}},"128":{"start":{"line":129,"column":0},"end":{"line":129,"column":18}},"130":{"start":{"line":131,"column":0},"end":{"line":131,"column":9}},"132":{"start":{"line":133,"column":0},"end":{"line":133,"column":16}},"133":{"start":{"line":134,"column":0},"end":{"line":134,"column":103}},"135":{"start":{"line":136,"column":0},"end":{"line":136,"column":21}},"137":{"start":{"line":138,"column":0},"end":{"line":138,"column":6}},"139":{"start":{"line":140,"column":0},"end":{"line":140,"column":36}},"140":{"start":{"line":141,"column":0},"end":{"line":141,"column":30}},"141":{"start":{"line":142,"column":0},"end":{"line":142,"column":76}},"142":{"start":{"line":143,"column":0},"end":{"line":143,"column":9}},"143":{"start":{"line":144,"column":0},"end":{"line":144,"column":27}},"144":{"start":{"line":145,"column":0},"end":{"line":145,"column":40}},"145":{"start":{"line":146,"column":0},"end":{"line":146,"column":9}},"146":{"start":{"line":147,"column":0},"end":{"line":147,"column":37}},"147":{"start":{"line":148,"column":0},"end":{"line":148,"column":29}},"148":{"start":{"line":149,"column":0},"end":{"line":149,"column":9}},"149":{"start":{"line":150,"column":0},"end":{"line":150,"column":20}},"150":{"start":{"line":151,"column":0},"end":{"line":151,"column":66}},"151":{"start":{"line":152,"column":0},"end":{"line":152,"column":9}},"152":{"start":{"line":153,"column":0},"end":{"line":153,"column":19}},"153":{"start":{"line":154,"column":0},"end":{"line":154,"column":36}},"154":{"start":{"line":155,"column":0},"end":{"line":155,"column":9}},"155":{"start":{"line":156,"column":0},"end":{"line":156,"column":27}},"156":{"start":{"line":157,"column":0},"end":{"line":157,"column":44}},"157":{"start":{"line":158,"column":0},"end":{"line":158,"column":9}},"158":{"start":{"line":159,"column":0},"end":{"line":159,"column":47}},"159":{"start":{"line":160,"column":0},"end":{"line":160,"column":6}},"161":{"start":{"line":162,"column":0},"end":{"line":162,"column":12}},"162":{"start":{"line":163,"column":0},"end":{"line":163,"column":12}},"163":{"start":{"line":164,"column":0},"end":{"line":164,"column":44}},"164":{"start":{"line":165,"column":0},"end":{"line":165,"column":50}},"165":{"start":{"line":166,"column":0},"end":{"line":166,"column":53}},"166":{"start":{"line":167,"column":0},"end":{"line":167,"column":15}},"167":{"start":{"line":168,"column":0},"end":{"line":168,"column":41}},"168":{"start":{"line":169,"column":0},"end":{"line":169,"column":39}},"169":{"start":{"line":170,"column":0},"end":{"line":170,"column":41}},"170":{"start":{"line":171,"column":0},"end":{"line":171,"column":31}},"171":{"start":{"line":172,"column":0},"end":{"line":172,"column":37}},"172":{"start":{"line":173,"column":0},"end":{"line":173,"column":25}},"173":{"start":{"line":174,"column":0},"end":{"line":174,"column":34}},"174":{"start":{"line":175,"column":0},"end":{"line":175,"column":24}},"176":{"start":{"line":177,"column":0},"end":{"line":177,"column":98}},"178":{"start":{"line":179,"column":0},"end":{"line":179,"column":29}},"180":{"start":{"line":181,"column":0},"end":{"line":181,"column":96}},"181":{"start":{"line":182,"column":0},"end":{"line":182,"column":14}},"183":{"start":{"line":184,"column":0},"end":{"line":184,"column":2}}},"s":{"0":1,"21":1,"22":27,"23":27,"24":27,"26":27,"28":27,"29":27,"30":4,"31":4,"33":4,"34":1,"35":1,"37":3,"38":3,"39":4,"40":27,"41":27,"43":27,"44":27,"45":0,"46":0,"47":0,"48":27,"49":27,"51":27,"52":1,"53":1,"54":1,"55":27,"57":27,"58":6,"59":3,"60":3,"61":3,"63":3,"64":3,"65":6,"67":27,"68":27,"69":5,"70":5,"72":5,"74":5,"75":1,"76":1,"78":4,"80":5,"81":4,"82":4,"83":5,"84":27,"85":27,"87":27,"88":27,"89":2,"91":2,"92":2,"93":2,"94":2,"95":2,"96":27,"97":27,"99":27,"100":2,"101":2,"102":2,"103":27,"105":27,"106":3,"107":2,"108":2,"109":2,"110":27,"112":27,"113":26,"114":4,"115":4,"116":4,"117":4,"119":4,"121":26,"122":5,"123":5,"124":5,"125":5,"126":5,"127":5,"128":5,"130":5,"132":17,"133":17,"135":17,"137":26,"139":27,"140":26,"141":3,"142":3,"143":26,"144":4,"145":4,"146":26,"147":1,"148":1,"149":26,"150":1,"151":1,"152":26,"153":3,"154":3,"155":26,"156":3,"157":3,"158":11,"159":26,"161":27,"162":27,"163":27,"164":27,"165":27,"166":27,"167":27,"168":27,"169":27,"170":27,"171":27,"172":27,"173":27,"174":27,"176":27,"178":27,"180":27,"181":27,"183":27},"branchMap":{"0":{"type":"branch","line":22,"loc":{"start":{"line":22,"column":35},"end":{"line":184,"column":2}},"locations":[{"start":{"line":22,"column":35},"end":{"line":184,"column":2}}]},"1":{"type":"branch","line":30,"loc":{"start":{"line":30,"column":8},"end":{"line":40,"column":10}},"locations":[{"start":{"line":30,"column":8},"end":{"line":40,"column":10}}]},"2":{"type":"branch","line":34,"loc":{"start":{"line":34,"column":30},"end":{"line":36,"column":13}},"locations":[{"start":{"line":34,"column":30},"end":{"line":36,"column":13}}]},"3":{"type":"branch","line":36,"loc":{"start":{"line":36,"column":12},"end":{"line":39,"column":37}},"locations":[{"start":{"line":36,"column":12},"end":{"line":39,"column":37}}]},"4":{"type":"branch","line":52,"loc":{"start":{"line":52,"column":40},"end":{"line":56,"column":7}},"locations":[{"start":{"line":52,"column":40},"end":{"line":56,"column":7}}]},"5":{"type":"branch","line":58,"loc":{"start":{"line":58,"column":29},"end":{"line":66,"column":6}},"locations":[{"start":{"line":58,"column":29},"end":{"line":66,"column":6}}]},"6":{"type":"branch","line":59,"loc":{"start":{"line":59,"column":38},"end":{"line":65,"column":35}},"locations":[{"start":{"line":59,"column":38},"end":{"line":65,"column":35}}]},"7":{"type":"branch","line":69,"loc":{"start":{"line":69,"column":8},"end":{"line":84,"column":10}},"locations":[{"start":{"line":69,"column":8},"end":{"line":84,"column":10}}]},"8":{"type":"branch","line":75,"loc":{"start":{"line":75,"column":30},"end":{"line":77,"column":13}},"locations":[{"start":{"line":75,"column":30},"end":{"line":77,"column":13}}]},"9":{"type":"branch","line":77,"loc":{"start":{"line":77,"column":12},"end":{"line":79,"column":58}},"locations":[{"start":{"line":77,"column":12},"end":{"line":79,"column":58}}]},"10":{"type":"branch","line":81,"loc":{"start":{"line":81,"column":29},"end":{"line":83,"column":13}},"locations":[{"start":{"line":81,"column":29},"end":{"line":83,"column":13}}]},"11":{"type":"branch","line":89,"loc":{"start":{"line":89,"column":8},"end":{"line":96,"column":10}},"locations":[{"start":{"line":89,"column":8},"end":{"line":96,"column":10}}]},"12":{"type":"branch","line":100,"loc":{"start":{"line":100,"column":42},"end":{"line":104,"column":7}},"locations":[{"start":{"line":100,"column":42},"end":{"line":104,"column":7}}]},"13":{"type":"branch","line":106,"loc":{"start":{"line":106,"column":40},"end":{"line":111,"column":7}},"locations":[{"start":{"line":106,"column":40},"end":{"line":111,"column":7}}]},"14":{"type":"branch","line":107,"loc":{"start":{"line":107,"column":13},"end":{"line":107,"column":36}},"locations":[{"start":{"line":107,"column":13},"end":{"line":107,"column":36}}]},"15":{"type":"branch","line":107,"loc":{"start":{"line":107,"column":36},"end":{"line":110,"column":9}},"locations":[{"start":{"line":107,"column":36},"end":{"line":110,"column":9}}]},"16":{"type":"branch","line":113,"loc":{"start":{"line":113,"column":26},"end":{"line":138,"column":6}},"locations":[{"start":{"line":113,"column":26},"end":{"line":138,"column":6}}]},"17":{"type":"branch","line":114,"loc":{"start":{"line":114,"column":26},"end":{"line":120,"column":9}},"locations":[{"start":{"line":114,"column":26},"end":{"line":120,"column":9}}]},"18":{"type":"branch","line":120,"loc":{"start":{"line":120,"column":8},"end":{"line":122,"column":18}},"locations":[{"start":{"line":120,"column":8},"end":{"line":122,"column":18}}]},"19":{"type":"branch","line":122,"loc":{"start":{"line":122,"column":18},"end":{"line":131,"column":9}},"locations":[{"start":{"line":122,"column":18},"end":{"line":131,"column":9}}]},"20":{"type":"branch","line":131,"loc":{"start":{"line":131,"column":8},"end":{"line":136,"column":21}},"locations":[{"start":{"line":131,"column":8},"end":{"line":136,"column":21}}]},"21":{"type":"branch","line":140,"loc":{"start":{"line":140,"column":29},"end":{"line":160,"column":6}},"locations":[{"start":{"line":140,"column":29},"end":{"line":160,"column":6}}]},"22":{"type":"branch","line":141,"loc":{"start":{"line":141,"column":29},"end":{"line":143,"column":9}},"locations":[{"start":{"line":141,"column":29},"end":{"line":143,"column":9}}]},"23":{"type":"branch","line":143,"loc":{"start":{"line":143,"column":8},"end":{"line":144,"column":26}},"locations":[{"start":{"line":143,"column":8},"end":{"line":144,"column":26}}]},"24":{"type":"branch","line":144,"loc":{"start":{"line":144,"column":26},"end":{"line":146,"column":9}},"locations":[{"start":{"line":144,"column":26},"end":{"line":146,"column":9}}]},"25":{"type":"branch","line":146,"loc":{"start":{"line":146,"column":8},"end":{"line":147,"column":36}},"locations":[{"start":{"line":146,"column":8},"end":{"line":147,"column":36}}]},"26":{"type":"branch","line":147,"loc":{"start":{"line":147,"column":36},"end":{"line":149,"column":9}},"locations":[{"start":{"line":147,"column":36},"end":{"line":149,"column":9}}]},"27":{"type":"branch","line":149,"loc":{"start":{"line":149,"column":8},"end":{"line":150,"column":19}},"locations":[{"start":{"line":149,"column":8},"end":{"line":150,"column":19}}]},"28":{"type":"branch","line":150,"loc":{"start":{"line":150,"column":19},"end":{"line":152,"column":9}},"locations":[{"start":{"line":150,"column":19},"end":{"line":152,"column":9}}]},"29":{"type":"branch","line":152,"loc":{"start":{"line":152,"column":8},"end":{"line":153,"column":18}},"locations":[{"start":{"line":152,"column":8},"end":{"line":153,"column":18}}]},"30":{"type":"branch","line":153,"loc":{"start":{"line":153,"column":18},"end":{"line":155,"column":9}},"locations":[{"start":{"line":153,"column":18},"end":{"line":155,"column":9}}]},"31":{"type":"branch","line":155,"loc":{"start":{"line":155,"column":8},"end":{"line":156,"column":26}},"locations":[{"start":{"line":155,"column":8},"end":{"line":156,"column":26}}]},"32":{"type":"branch","line":156,"loc":{"start":{"line":156,"column":26},"end":{"line":158,"column":9}},"locations":[{"start":{"line":156,"column":26},"end":{"line":158,"column":9}}]},"33":{"type":"branch","line":158,"loc":{"start":{"line":158,"column":8},"end":{"line":159,"column":47}},"locations":[{"start":{"line":158,"column":8},"end":{"line":159,"column":47}}]}},"b":{"0":[27],"1":[4],"2":[1],"3":[3],"4":[1],"5":[6],"6":[3],"7":[5],"8":[1],"9":[4],"10":[4],"11":[2],"12":[2],"13":[3],"14":[2],"15":[2],"16":[26],"17":[4],"18":[22],"19":[5],"20":[17],"21":[26],"22":[3],"23":[23],"24":[4],"25":[19],"26":[1],"27":[18],"28":[1],"29":[17],"30":[3],"31":[14],"32":[3],"33":[11]},"fnMap":{"0":{"name":"Dropzone","decl":{"start":{"line":22,"column":35},"end":{"line":184,"column":2}},"loc":{"start":{"line":22,"column":35},"end":{"line":184,"column":2}},"line":22},"1":{"name":"handleFileSelect","decl":{"start":{"line":58,"column":29},"end":{"line":66,"column":6}},"loc":{"start":{"line":58,"column":29},"end":{"line":66,"column":6}},"line":58},"2":{"name":"renderContent","decl":{"start":{"line":113,"column":26},"end":{"line":138,"column":6}},"loc":{"start":{"line":113,"column":26},"end":{"line":138,"column":6}},"line":113},"3":{"name":"renderStatusText","decl":{"start":{"line":140,"column":29},"end":{"line":160,"column":6}},"loc":{"start":{"line":140,"column":29},"end":{"line":160,"column":6}},"line":140}},"f":{"0":27,"1":6,"2":26,"3":26}}
,"/Users/azamatos/www/yandex/shri-2025/src/components/FileDisplay/FileDisplay.tsx": {"path":"/Users/azamatos/www/yandex/shri-2025/src/components/FileDisplay/FileDisplay.tsx","all":false,"statementMap":{"0":{"start":{"line":1,"column":0},"end":{"line":1,"column":27}},"16":{"start":{"line":17,"column":0},"end":{"line":17,"column":93}},"17":{"start":{"line":18,"column":0},"end":{"line":18,"column":12}},"18":{"start":{"line":19,"column":0},"end":{"line":19,"column":45}},"19":{"start":{"line":20,"column":0},"end":{"line":20,"column":45}},"20":{"start":{"line":21,"column":0},"end":{"line":21,"column":27}},"21":{"start":{"line":22,"column":0},"end":{"line":22,"column":52}},"22":{"start":{"line":23,"column":0},"end":{"line":23,"column":64}},"23":{"start":{"line":24,"column":0},"end":{"line":24,"column":23}},"25":{"start":{"line":26,"column":0},"end":{"line":26,"column":30}},"26":{"start":{"line":27,"column":0},"end":{"line":27,"column":29}},"27":{"start":{"line":28,"column":0},"end":{"line":28,"column":18}},"28":{"start":{"line":29,"column":0},"end":{"line":29,"column":19}},"29":{"start":{"line":30,"column":0},"end":{"line":30,"column":47}},"30":{"start":{"line":31,"column":0},"end":{"line":31,"column":29}},"31":{"start":{"line":32,"column":0},"end":{"line":32,"column":31}},"32":{"start":{"line":33,"column":0},"end":{"line":33,"column":75}},"33":{"start":{"line":34,"column":0},"end":{"line":34,"column":33}},"34":{"start":{"line":35,"column":0},"end":{"line":35,"column":39}},"36":{"start":{"line":37,"column":0},"end":{"line":37,"column":35}},"37":{"start":{"line":38,"column":0},"end":{"line":38,"column":21}},"38":{"start":{"line":39,"column":0},"end":{"line":39,"column":14}},"40":{"start":{"line":41,"column":0},"end":{"line":41,"column":2}}},"s":{"0":1,"16":1,"17":5,"18":5,"19":5,"20":5,"21":5,"22":5,"23":5,"25":5,"26":5,"27":5,"28":5,"29":5,"30":5,"31":5,"32":5,"33":5,"34":5,"36":5,"37":5,"38":5,"40":5},"branchMap":{"0":{"type":"branch","line":17,"loc":{"start":{"line":17,"column":38},"end":{"line":41,"column":2}},"locations":[{"start":{"line":17,"column":38},"end":{"line":41,"column":2}}]}},"b":{"0":[5]},"fnMap":{"0":{"name":"FileDisplay","decl":{"start":{"line":17,"column":38},"end":{"line":41,"column":2}},"loc":{"start":{"line":17,"column":38},"end":{"line":41,"column":2}},"line":17}},"f":{"0":5}}
,"/Users/azamatos/www/yandex/shri-2025/src/components/FileStatus/FileStatus.tsx": {"path":"/Users/azamatos/www/yandex/shri-2025/src/components/FileStatus/FileStatus.tsx","all":false,"statementMap":{"0":{"start":{"line":1,"column":0},"end":{"line":1,"column":27}},"13":{"start":{"line":14,"column":0},"end":{"line":14,"column":62}},"14":{"start":{"line":15,"column":0},"end":{"line":15,"column":12}},"15":{"start":{"line":16,"column":0},"end":{"line":16,"column":73}},"16":{"start":{"line":17,"column":0},"end":{"line":17,"column":35}},"17":{"start":{"line":18,"column":0},"end":{"line":18,"column":18}},"18":{"start":{"line":19,"column":0},"end":{"line":19,"column":62}},"19":{"start":{"line":20,"column":0},"end":{"line":20,"column":39}},"20":{"start":{"line":21,"column":0},"end":{"line":21,"column":19}},"22":{"start":{"line":23,"column":0},"end":{"line":23,"column":18}},"23":{"start":{"line":24,"column":0},"end":{"line":24,"column":66}},"24":{"start":{"line":25,"column":0},"end":{"line":25,"column":42}},"25":{"start":{"line":26,"column":0},"end":{"line":26,"column":19}},"27":{"start":{"line":28,"column":0},"end":{"line":28,"column":15}},"29":{"start":{"line":30,"column":0},"end":{"line":30,"column":2}}},"s":{"0":1,"13":1,"14":30,"15":30,"16":30,"17":15,"18":15,"19":15,"20":15,"22":15,"23":15,"24":15,"25":15,"27":30,"29":30},"branchMap":{"0":{"type":"branch","line":14,"loc":{"start":{"line":14,"column":37},"end":{"line":30,"column":2}},"locations":[{"start":{"line":14,"column":37},"end":{"line":30,"column":2}}]},"1":{"type":"branch","line":17,"loc":{"start":{"line":17,"column":22},"end":{"line":21,"column":19}},"locations":[{"start":{"line":17,"column":22},"end":{"line":21,"column":19}}]},"2":{"type":"branch","line":21,"loc":{"start":{"line":21,"column":16},"end":{"line":26,"column":19}},"locations":[{"start":{"line":21,"column":16},"end":{"line":26,"column":19}}]}},"b":{"0":[30],"1":[15],"2":[15]},"fnMap":{"0":{"name":"FileStatus","decl":{"start":{"line":14,"column":37},"end":{"line":30,"column":2}},"loc":{"start":{"line":14,"column":37},"end":{"line":30,"column":2}},"line":14}},"f":{"0":30}}
,"/Users/azamatos/www/yandex/shri-2025/src/components/FileUploadSection/FileUploadSection.tsx": {"path":"/Users/azamatos/www/yandex/shri-2025/src/components/FileUploadSection/FileUploadSection.tsx","all":true,"statementMap":{"0":{"start":{"line":1,"column":0},"end":{"line":1,"column":27}},"20":{"start":{"line":21,"column":0},"end":{"line":21,"column":105}},"21":{"start":{"line":22,"column":0},"end":{"line":22,"column":49}},"22":{"start":{"line":23,"column":0},"end":{"line":23,"column":75}},"24":{"start":{"line":25,"column":0},"end":{"line":25,"column":12}},"25":{"start":{"line":26,"column":0},"end":{"line":26,"column":10}},"26":{"start":{"line":27,"column":0},"end":{"line":27,"column":112}},"28":{"start":{"line":29,"column":0},"end":{"line":29,"column":32}},"29":{"start":{"line":30,"column":0},"end":{"line":30,"column":120}},"31":{"start":{"line":32,"column":0},"end":{"line":32,"column":25}},"33":{"start":{"line":34,"column":0},"end":{"line":34,"column":11}},"35":{"start":{"line":36,"column":0},"end":{"line":36,"column":2}}},"s":{"0":0,"20":0,"21":0,"22":0,"24":0,"25":0,"26":0,"28":0,"29":0,"31":0,"33":0,"35":0},"branchMap":{"0":{"type":"branch","line":1,"loc":{"start":{"line":1,"column":0},"end":{"line":36,"column":-345}},"locations":[{"start":{"line":1,"column":0},"end":{"line":36,"column":-345}}]}},"b":{"0":[0]},"fnMap":{"0":{"name":"(empty-report)","decl":{"start":{"line":1,"column":0},"end":{"line":36,"column":-345}},"loc":{"start":{"line":1,"column":0},"end":{"line":36,"column":-345}},"line":1}},"f":{"0":0}}
,"/Users/azamatos/www/yandex/shri-2025/src/components/GenerateMoreButton/GenerateMoreButton.tsx": {"path":"/Users/azamatos/www/yandex/shri-2025/src/components/GenerateMoreButton/GenerateMoreButton.tsx","all":true,"statementMap":{"0":{"start":{"line":1,"column":0},"end":{"line":1,"column":36}},"3":{"start":{"line":4,"column":0},"end":{"line":4,"column":41}},"4":{"start":{"line":5,"column":0},"end":{"line":5,"column":35}},"6":{"start":{"line":7,"column":0},"end":{"line":7,"column":38}},"7":{"start":{"line":8,"column":0},"end":{"line":8,"column":30}},"8":{"start":{"line":9,"column":0},"end":{"line":9,"column":6}},"10":{"start":{"line":11,"column":0},"end":{"line":11,"column":12}},"11":{"start":{"line":12,"column":0},"end":{"line":12,"column":63}},"13":{"start":{"line":14,"column":0},"end":{"line":14,"column":17}},"15":{"start":{"line":16,"column":0},"end":{"line":16,"column":2}}},"s":{"0":0,"3":0,"4":0,"6":0,"7":0,"8":0,"10":0,"11":0,"13":0,"15":0},"branchMap":{"0":{"type":"branch","line":1,"loc":{"start":{"line":1,"column":0},"end":{"line":16,"column":-240}},"locations":[{"start":{"line":1,"column":0},"end":{"line":16,"column":-240}}]}},"b":{"0":[0]},"fnMap":{"0":{"name":"(empty-report)","decl":{"start":{"line":1,"column":0},"end":{"line":16,"column":-240}},"loc":{"start":{"line":1,"column":0},"end":{"line":16,"column":-240}},"line":1}},"f":{"0":0}}
,"/Users/azamatos/www/yandex/shri-2025/src/components/Header/Header.tsx": {"path":"/Users/azamatos/www/yandex/shri-2025/src/components/Header/Header.tsx","all":true,"statementMap":{"0":{"start":{"line":1,"column":0},"end":{"line":1,"column":41}},"4":{"start":{"line":5,"column":0},"end":{"line":5,"column":29}},"5":{"start":{"line":6,"column":0},"end":{"line":6,"column":12}},"6":{"start":{"line":7,"column":0},"end":{"line":7,"column":42}},"7":{"start":{"line":8,"column":0},"end":{"line":8,"column":21}},"8":{"start":{"line":9,"column":0},"end":{"line":9,"column":26}},"9":{"start":{"line":10,"column":0},"end":{"line":10,"column":17}},"11":{"start":{"line":12,"column":0},"end":{"line":12,"column":2}}},"s":{"0":0,"4":0,"5":0,"6":0,"7":0,"8":0,"9":0,"11":0},"branchMap":{"0":{"type":"branch","line":1,"loc":{"start":{"line":1,"column":281},"end":{"line":12,"column":2}},"locations":[{"start":{"line":1,"column":281},"end":{"line":12,"column":2}}]}},"b":{"0":[0]},"fnMap":{"0":{"name":"(empty-report)","decl":{"start":{"line":1,"column":281},"end":{"line":12,"column":2}},"loc":{"start":{"line":1,"column":281},"end":{"line":12,"column":2}},"line":1}},"f":{"0":0}}
,"/Users/azamatos/www/yandex/shri-2025/src/components/Header/Navigation/Navigation.tsx": {"path":"/Users/azamatos/www/yandex/shri-2025/src/components/Header/Navigation/Navigation.tsx","all":false,"statementMap":{"0":{"start":{"line":1,"column":0},"end":{"line":1,"column":42}},"7":{"start":{"line":8,"column":0},"end":{"line":8,"column":33}},"8":{"start":{"line":9,"column":0},"end":{"line":9,"column":12}},"9":{"start":{"line":10,"column":0},"end":{"line":10,"column":37}},"10":{"start":{"line":11,"column":0},"end":{"line":11,"column":86}},"11":{"start":{"line":12,"column":0},"end":{"line":12,"column":91}},"12":{"start":{"line":13,"column":0},"end":{"line":13,"column":85}},"13":{"start":{"line":14,"column":0},"end":{"line":14,"column":14}},"15":{"start":{"line":16,"column":0},"end":{"line":16,"column":2}}},"s":{"0":1,"7":1,"8":10,"9":10,"10":10,"11":10,"12":10,"13":10,"15":10},"branchMap":{"0":{"type":"branch","line":8,"loc":{"start":{"line":8,"column":26},"end":{"line":16,"column":2}},"locations":[{"start":{"line":8,"column":26},"end":{"line":16,"column":2}}]}},"b":{"0":[10]},"fnMap":{"0":{"name":"Navigation","decl":{"start":{"line":8,"column":26},"end":{"line":16,"column":2}},"loc":{"start":{"line":8,"column":26},"end":{"line":16,"column":2}},"line":8}},"f":{"0":10}}
,"/Users/azamatos/www/yandex/shri-2025/src/components/Header/Navigation/NavElement/NavElement.tsx": {"path":"/Users/azamatos/www/yandex/shri-2025/src/components/Header/Navigation/NavElement/NavElement.tsx","all":false,"statementMap":{"0":{"start":{"line":1,"column":0},"end":{"line":1,"column":27}},"15":{"start":{"line":16,"column":0},"end":{"line":16,"column":76}},"16":{"start":{"line":17,"column":0},"end":{"line":17,"column":12}},"17":{"start":{"line":18,"column":0},"end":{"line":18,"column":16}},"18":{"start":{"line":19,"column":0},"end":{"line":19,"column":19}},"19":{"start":{"line":20,"column":0},"end":{"line":20,"column":111}},"20":{"start":{"line":21,"column":0},"end":{"line":21,"column":21}},"22":{"start":{"line":23,"column":0},"end":{"line":23,"column":18}},"23":{"start":{"line":24,"column":0},"end":{"line":24,"column":53}},"24":{"start":{"line":25,"column":0},"end":{"line":25,"column":18}},"26":{"start":{"line":27,"column":0},"end":{"line":27,"column":2}}},"s":{"0":1,"15":1,"16":30,"17":30,"18":30,"19":30,"20":30,"22":30,"23":30,"24":30,"26":30},"branchMap":{"0":{"type":"branch","line":16,"loc":{"start":{"line":16,"column":37},"end":{"line":27,"column":2}},"locations":[{"start":{"line":16,"column":37},"end":{"line":27,"column":2}}]},"1":{"type":"branch","line":20,"loc":{"start":{"line":20,"column":23},"end":{"line":20,"column":111}},"locations":[{"start":{"line":20,"column":23},"end":{"line":20,"column":111}}]}},"b":{"0":[30],"1":[54]},"fnMap":{"0":{"name":"NavElement","decl":{"start":{"line":16,"column":37},"end":{"line":27,"column":2}},"loc":{"start":{"line":16,"column":37},"end":{"line":27,"column":2}},"line":16},"1":{"name":"className","decl":{"start":{"line":20,"column":23},"end":{"line":20,"column":111}},"loc":{"start":{"line":20,"column":23},"end":{"line":20,"column":111}},"line":20}},"f":{"0":30,"1":54}}
,"/Users/azamatos/www/yandex/shri-2025/src/components/Header/Title/Title.tsx": {"path":"/Users/azamatos/www/yandex/shri-2025/src/components/Header/Title/Title.tsx","all":true,"statementMap":{"0":{"start":{"line":1,"column":0},"end":{"line":1,"column":44}},"5":{"start":{"line":6,"column":0},"end":{"line":6,"column":28}},"6":{"start":{"line":7,"column":0},"end":{"line":7,"column":12}},"7":{"start":{"line":8,"column":0},"end":{"line":8,"column":37}},"8":{"start":{"line":9,"column":0},"end":{"line":9,"column":20}},"9":{"start":{"line":10,"column":0},"end":{"line":10,"column":73}},"11":{"start":{"line":12,"column":0},"end":{"line":12,"column":25}},"12":{"start":{"line":13,"column":0},"end":{"line":13,"column":14}},"14":{"start":{"line":15,"column":0},"end":{"line":15,"column":2}}},"s":{"0":0,"5":0,"6":0,"7":0,"8":0,"9":0,"11":0,"12":0,"14":0},"branchMap":{"0":{"type":"branch","line":1,"loc":{"start":{"line":1,"column":387},"end":{"line":15,"column":2}},"locations":[{"start":{"line":1,"column":387},"end":{"line":15,"column":2}}]}},"b":{"0":[0]},"fnMap":{"0":{"name":"(empty-report)","decl":{"start":{"line":1,"column":387},"end":{"line":15,"column":2}},"loc":{"start":{"line":1,"column":387},"end":{"line":15,"column":2}},"line":1}},"f":{"0":0}}
,"/Users/azamatos/www/yandex/shri-2025/src/components/Header/Title/Logo/Logo.tsx": {"path":"/Users/azamatos/www/yandex/shri-2025/src/components/Header/Title/Logo/Logo.tsx","all":true,"statementMap":{"0":{"start":{"line":1,"column":0},"end":{"line":1,"column":27}},"1":{"start":{"line":2,"column":0},"end":{"line":2,"column":101}},"2":{"start":{"line":3,"column":0},"end":{"line":3,"column":13}},"3":{"start":{"line":4,"column":0},"end":{"line":4,"column":169}},"4":{"start":{"line":5,"column":0},"end":{"line":5,"column":26}},"5":{"start":{"line":6,"column":0},"end":{"line":6,"column":10}},"6":{"start":{"line":7,"column":0},"end":{"line":7,"column":13}},"7":{"start":{"line":8,"column":0},"end":{"line":8,"column":225}},"8":{"start":{"line":9,"column":0},"end":{"line":9,"column":26}},"9":{"start":{"line":10,"column":0},"end":{"line":10,"column":10}},"10":{"start":{"line":11,"column":0},"end":{"line":11,"column":13}},"11":{"start":{"line":12,"column":0},"end":{"line":12,"column":159}},"12":{"start":{"line":13,"column":0},"end":{"line":13,"column":26}},"13":{"start":{"line":14,"column":0},"end":{"line":14,"column":10}},"14":{"start":{"line":15,"column":0},"end":{"line":15,"column":13}},"15":{"start":{"line":16,"column":0},"end":{"line":16,"column":515}},"16":{"start":{"line":17,"column":0},"end":{"line":17,"column":26}},"17":{"start":{"line":18,"column":0},"end":{"line":18,"column":10}},"18":{"start":{"line":19,"column":0},"end":{"line":19,"column":13}},"19":{"start":{"line":20,"column":0},"end":{"line":20,"column":426}},"20":{"start":{"line":21,"column":0},"end":{"line":21,"column":26}},"21":{"start":{"line":22,"column":0},"end":{"line":22,"column":10}},"22":{"start":{"line":23,"column":0},"end":{"line":23,"column":13}},"23":{"start":{"line":24,"column":0},"end":{"line":24,"column":574}},"24":{"start":{"line":25,"column":0},"end":{"line":25,"column":26}},"25":{"start":{"line":26,"column":0},"end":{"line":26,"column":10}},"26":{"start":{"line":27,"column":0},"end":{"line":27,"column":13}},"27":{"start":{"line":28,"column":0},"end":{"line":28,"column":420}},"28":{"start":{"line":29,"column":0},"end":{"line":29,"column":26}},"29":{"start":{"line":30,"column":0},"end":{"line":30,"column":10}},"30":{"start":{"line":31,"column":0},"end":{"line":31,"column":13}},"31":{"start":{"line":32,"column":0},"end":{"line":32,"column":317}},"32":{"start":{"line":33,"column":0},"end":{"line":33,"column":26}},"33":{"start":{"line":34,"column":0},"end":{"line":34,"column":10}},"34":{"start":{"line":35,"column":0},"end":{"line":35,"column":13}},"35":{"start":{"line":36,"column":0},"end":{"line":36,"column":1615}},"36":{"start":{"line":37,"column":0},"end":{"line":37,"column":26}},"37":{"start":{"line":38,"column":0},"end":{"line":38,"column":10}},"38":{"start":{"line":39,"column":0},"end":{"line":39,"column":117}},"39":{"start":{"line":40,"column":0},"end":{"line":40,"column":13}},"40":{"start":{"line":41,"column":0},"end":{"line":41,"column":372}},"41":{"start":{"line":42,"column":0},"end":{"line":42,"column":26}},"42":{"start":{"line":43,"column":0},"end":{"line":43,"column":10}},"43":{"start":{"line":44,"column":0},"end":{"line":44,"column":13}},"44":{"start":{"line":45,"column":0},"end":{"line":45,"column":372}},"45":{"start":{"line":46,"column":0},"end":{"line":46,"column":26}},"46":{"start":{"line":47,"column":0},"end":{"line":47,"column":10}},"47":{"start":{"line":48,"column":0},"end":{"line":48,"column":13}},"48":{"start":{"line":49,"column":0},"end":{"line":49,"column":366}},"49":{"start":{"line":50,"column":0},"end":{"line":50,"column":26}},"50":{"start":{"line":51,"column":0},"end":{"line":51,"column":10}},"51":{"start":{"line":52,"column":0},"end":{"line":52,"column":13}},"52":{"start":{"line":53,"column":0},"end":{"line":53,"column":305}},"53":{"start":{"line":54,"column":0},"end":{"line":54,"column":26}},"54":{"start":{"line":55,"column":0},"end":{"line":55,"column":10}},"55":{"start":{"line":56,"column":0},"end":{"line":56,"column":13}},"56":{"start":{"line":57,"column":0},"end":{"line":57,"column":312}},"57":{"start":{"line":58,"column":0},"end":{"line":58,"column":26}},"58":{"start":{"line":59,"column":0},"end":{"line":59,"column":10}},"59":{"start":{"line":60,"column":0},"end":{"line":60,"column":13}},"60":{"start":{"line":61,"column":0},"end":{"line":61,"column":407}},"61":{"start":{"line":62,"column":0},"end":{"line":62,"column":26}},"62":{"start":{"line":63,"column":0},"end":{"line":63,"column":10}},"63":{"start":{"line":64,"column":0},"end":{"line":64,"column":13}},"64":{"start":{"line":65,"column":0},"end":{"line":65,"column":367}},"65":{"start":{"line":66,"column":0},"end":{"line":66,"column":26}},"66":{"start":{"line":67,"column":0},"end":{"line":67,"column":10}},"67":{"start":{"line":68,"column":0},"end":{"line":68,"column":13}},"68":{"start":{"line":69,"column":0},"end":{"line":69,"column":411}},"69":{"start":{"line":70,"column":0},"end":{"line":70,"column":26}},"70":{"start":{"line":71,"column":0},"end":{"line":71,"column":10}},"71":{"start":{"line":72,"column":0},"end":{"line":72,"column":13}},"72":{"start":{"line":73,"column":0},"end":{"line":73,"column":225}},"73":{"start":{"line":74,"column":0},"end":{"line":74,"column":24}},"74":{"start":{"line":75,"column":0},"end":{"line":75,"column":10}},"75":{"start":{"line":76,"column":0},"end":{"line":76,"column":13}},"76":{"start":{"line":77,"column":0},"end":{"line":77,"column":1061}},"77":{"start":{"line":78,"column":0},"end":{"line":78,"column":26}},"78":{"start":{"line":79,"column":0},"end":{"line":79,"column":10}},"79":{"start":{"line":80,"column":0},"end":{"line":80,"column":13}},"80":{"start":{"line":81,"column":0},"end":{"line":81,"column":1056}},"81":{"start":{"line":82,"column":0},"end":{"line":82,"column":26}},"82":{"start":{"line":83,"column":0},"end":{"line":83,"column":10}},"83":{"start":{"line":84,"column":0},"end":{"line":84,"column":10}}},"s":{"0":0,"1":0,"2":0,"3":0,"4":0,"5":0,"6":0,"7":0,"8":0,"9":0,"10":0,"11":0,"12":0,"13":0,"14":0,"15":0,"16":0,"17":0,"18":0,"19":0,"20":0,"21":0,"22":0,"23":0,"24":0,"25":0,"26":0,"27":0,"28":0,"29":0,"30":0,"31":0,"32":0,"33":0,"34":0,"35":0,"36":0,"37":0,"38":0,"39":0,"40":0,"41":0,"42":0,"43":0,"44":0,"45":0,"46":0,"47":0,"48":0,"49":0,"50":0,"51":0,"52":0,"53":0,"54":0,"55":0,"56":0,"57":0,"58":0,"59":0,"60":0,"61":0,"62":0,"63":0,"64":0,"65":0,"66":0,"67":0,"68":0,"69":0,"70":0,"71":0,"72":0,"73":0,"74":0,"75":0,"76":0,"77":0,"78":0,"79":0,"80":0,"81":0,"82":0,"83":0},"branchMap":{"0":{"type":"branch","line":1,"loc":{"start":{"line":1,"column":0},"end":{"line":85,"column":-3433}},"locations":[{"start":{"line":1,"column":0},"end":{"line":85,"column":-3433}}]}},"b":{"0":[0]},"fnMap":{"0":{"name":"(empty-report)","decl":{"start":{"line":1,"column":0},"end":{"line":85,"column":-3433}},"loc":{"start":{"line":1,"column":0},"end":{"line":85,"column":-3433}},"line":1}},"f":{"0":0}}
,"/Users/azamatos/www/yandex/shri-2025/src/components/HighlightCard/HighlightCard.tsx": {"path":"/Users/azamatos/www/yandex/shri-2025/src/components/HighlightCard/HighlightCard.tsx","all":false,"statementMap":{"0":{"start":{"line":1,"column":0},"end":{"line":1,"column":27}},"13":{"start":{"line":14,"column":0},"end":{"line":14,"column":71}},"14":{"start":{"line":15,"column":0},"end":{"line":15,"column":12}},"15":{"start":{"line":16,"column":0},"end":{"line":16,"column":61}},"16":{"start":{"line":17,"column":0},"end":{"line":17,"column":50}},"17":{"start":{"line":18,"column":0},"end":{"line":18,"column":33}},"18":{"start":{"line":19,"column":0},"end":{"line":19,"column":25}},"19":{"start":{"line":20,"column":0},"end":{"line":20,"column":70}},"20":{"start":{"line":21,"column":0},"end":{"line":21,"column":14}},"22":{"start":{"line":23,"column":0},"end":{"line":23,"column":2}}},"s":{"0":1,"13":1,"14":63,"15":63,"16":63,"17":63,"18":63,"19":63,"20":63,"22":63},"branchMap":{"0":{"type":"branch","line":14,"loc":{"start":{"line":14,"column":40},"end":{"line":23,"column":2}},"locations":[{"start":{"line":14,"column":40},"end":{"line":23,"column":2}}]}},"b":{"0":[63]},"fnMap":{"0":{"name":"HighlightCard","decl":{"start":{"line":14,"column":40},"end":{"line":23,"column":2}},"loc":{"start":{"line":14,"column":40},"end":{"line":23,"column":2}},"line":14}},"f":{"0":63}}
,"/Users/azamatos/www/yandex/shri-2025/src/components/HighlightsSection/HighlightsSection.tsx": {"path":"/Users/azamatos/www/yandex/shri-2025/src/components/HighlightsSection/HighlightsSection.tsx","all":true,"statementMap":{"0":{"start":{"line":1,"column":0},"end":{"line":1,"column":27}},"15":{"start":{"line":16,"column":0},"end":{"line":16,"column":65}},"16":{"start":{"line":17,"column":0},"end":{"line":17,"column":34}},"17":{"start":{"line":18,"column":0},"end":{"line":18,"column":16}},"18":{"start":{"line":19,"column":0},"end":{"line":19,"column":74}},"20":{"start":{"line":21,"column":0},"end":{"line":21,"column":25}},"22":{"start":{"line":23,"column":0},"end":{"line":23,"column":5}},"24":{"start":{"line":25,"column":0},"end":{"line":25,"column":12}},"25":{"start":{"line":26,"column":0},"end":{"line":26,"column":47}},"26":{"start":{"line":27,"column":0},"end":{"line":27,"column":78}},"27":{"start":{"line":28,"column":0},"end":{"line":28,"column":67}},"28":{"start":{"line":29,"column":0},"end":{"line":29,"column":15}},"29":{"start":{"line":30,"column":0},"end":{"line":30,"column":14}},"31":{"start":{"line":32,"column":0},"end":{"line":32,"column":2}}},"s":{"0":0,"15":0,"16":0,"17":0,"18":0,"20":0,"22":0,"24":0,"25":0,"26":0,"27":0,"28":0,"29":0,"31":0},"branchMap":{"0":{"type":"branch","line":1,"loc":{"start":{"line":1,"column":0},"end":{"line":32,"column":-392}},"locations":[{"start":{"line":1,"column":0},"end":{"line":32,"column":-392}}]}},"b":{"0":[0]},"fnMap":{"0":{"name":"(empty-report)","decl":{"start":{"line":1,"column":0},"end":{"line":32,"column":-392}},"loc":{"start":{"line":1,"column":0},"end":{"line":32,"column":-392}},"line":1}},"f":{"0":0}}
,"/Users/azamatos/www/yandex/shri-2025/src/components/HistoryItem/HistoryItem.tsx": {"path":"/Users/azamatos/www/yandex/shri-2025/src/components/HistoryItem/HistoryItem.tsx","all":false,"statementMap":{"0":{"start":{"line":1,"column":0},"end":{"line":1,"column":27}},"20":{"start":{"line":21,"column":0},"end":{"line":21,"column":72}},"21":{"start":{"line":22,"column":0},"end":{"line":22,"column":57}},"23":{"start":{"line":24,"column":0},"end":{"line":24,"column":39}},"25":{"start":{"line":26,"column":0},"end":{"line":26,"column":46}},"27":{"start":{"line":28,"column":0},"end":{"line":28,"column":43}},"28":{"start":{"line":29,"column":0},"end":{"line":29,"column":21}},"29":{"start":{"line":30,"column":0},"end":{"line":30,"column":6}},"31":{"start":{"line":32,"column":0},"end":{"line":32,"column":35}},"32":{"start":{"line":33,"column":0},"end":{"line":33,"column":29}},"33":{"start":{"line":34,"column":0},"end":{"line":34,"column":19}},"34":{"start":{"line":35,"column":0},"end":{"line":35,"column":9}},"36":{"start":{"line":37,"column":0},"end":{"line":37,"column":22}},"37":{"start":{"line":38,"column":0},"end":{"line":38,"column":6}},"39":{"start":{"line":40,"column":0},"end":{"line":40,"column":12}},"40":{"start":{"line":41,"column":0},"end":{"line":41,"column":37}},"41":{"start":{"line":42,"column":0},"end":{"line":42,"column":19}},"42":{"start":{"line":43,"column":0},"end":{"line":43,"column":29}},"43":{"start":{"line":44,"column":0},"end":{"line":44,"column":35}},"44":{"start":{"line":45,"column":0},"end":{"line":45,"column":49}},"45":{"start":{"line":46,"column":0},"end":{"line":46,"column":82}},"46":{"start":{"line":47,"column":0},"end":{"line":47,"column":63}},"47":{"start":{"line":48,"column":0},"end":{"line":48,"column":41}},"49":{"start":{"line":50,"column":0},"end":{"line":50,"column":49}},"50":{"start":{"line":51,"column":0},"end":{"line":51,"column":62}},"51":{"start":{"line":52,"column":0},"end":{"line":52,"column":73}},"52":{"start":{"line":53,"column":0},"end":{"line":53,"column":22}},"53":{"start":{"line":54,"column":0},"end":{"line":54,"column":47}},"54":{"start":{"line":55,"column":0},"end":{"line":55,"column":70}},"55":{"start":{"line":56,"column":0},"end":{"line":56,"column":69}},"56":{"start":{"line":57,"column":0},"end":{"line":57,"column":21}},"57":{"start":{"line":58,"column":0},"end":{"line":58,"column":19}},"58":{"start":{"line":59,"column":0},"end":{"line":59,"column":29}},"59":{"start":{"line":60,"column":0},"end":{"line":60,"column":31}},"60":{"start":{"line":61,"column":0},"end":{"line":61,"column":51}},"61":{"start":{"line":62,"column":0},"end":{"line":62,"column":47}},"62":{"start":{"line":63,"column":0},"end":{"line":63,"column":55}},"63":{"start":{"line":64,"column":0},"end":{"line":64,"column":49}},"65":{"start":{"line":66,"column":0},"end":{"line":66,"column":35}},"66":{"start":{"line":67,"column":0},"end":{"line":67,"column":21}},"67":{"start":{"line":68,"column":0},"end":{"line":68,"column":14}},"69":{"start":{"line":70,"column":0},"end":{"line":70,"column":2}}},"s":{"0":1,"20":1,"21":15,"23":15,"25":15,"27":15,"28":1,"29":1,"31":15,"32":3,"33":0,"34":0,"36":3,"37":3,"39":15,"40":15,"41":15,"42":15,"43":15,"44":15,"45":15,"46":15,"47":15,"49":15,"50":15,"51":15,"52":15,"53":15,"54":15,"55":15,"56":15,"57":15,"58":15,"59":15,"60":15,"61":15,"62":15,"63":15,"65":15,"66":15,"67":15,"69":15},"branchMap":{"0":{"type":"branch","line":21,"loc":{"start":{"line":21,"column":38},"end":{"line":70,"column":2}},"locations":[{"start":{"line":21,"column":38},"end":{"line":70,"column":2}}]},"1":{"type":"branch","line":28,"loc":{"start":{"line":28,"column":36},"end":{"line":30,"column":6}},"locations":[{"start":{"line":28,"column":36},"end":{"line":30,"column":6}}]},"2":{"type":"branch","line":32,"loc":{"start":{"line":32,"column":28},"end":{"line":38,"column":6}},"locations":[{"start":{"line":32,"column":28},"end":{"line":38,"column":6}}]},"3":{"type":"branch","line":33,"loc":{"start":{"line":33,"column":28},"end":{"line":35,"column":9}},"locations":[{"start":{"line":33,"column":28},"end":{"line":35,"column":9}}]}},"b":{"0":[15],"1":[1],"2":[3],"3":[0]},"fnMap":{"0":{"name":"HistoryItem","decl":{"start":{"line":21,"column":38},"end":{"line":70,"column":2}},"loc":{"start":{"line":21,"column":38},"end":{"line":70,"column":2}},"line":21},"1":{"name":"handleDeleteButtonClick","decl":{"start":{"line":28,"column":36},"end":{"line":30,"column":6}},"loc":{"start":{"line":28,"column":36},"end":{"line":30,"column":6}},"line":28},"2":{"name":"handleItemClick","decl":{"start":{"line":32,"column":28},"end":{"line":38,"column":6}},"loc":{"start":{"line":32,"column":28},"end":{"line":38,"column":6}},"line":32}},"f":{"0":15,"1":1,"2":3}}
,"/Users/azamatos/www/yandex/shri-2025/src/components/HistoryList/HistoryList.tsx": {"path":"/Users/azamatos/www/yandex/shri-2025/src/components/HistoryList/HistoryList.tsx","all":false,"statementMap":{"0":{"start":{"line":1,"column":0},"end":{"line":1,"column":34}},"10":{"start":{"line":11,"column":0},"end":{"line":11,"column":34}},"11":{"start":{"line":12,"column":0},"end":{"line":12,"column":118}},"12":{"start":{"line":13,"column":0},"end":{"line":13,"column":32}},"13":{"start":{"line":14,"column":0},"end":{"line":14,"column":39}},"14":{"start":{"line":15,"column":0},"end":{"line":15,"column":51}},"15":{"start":{"line":16,"column":0},"end":{"line":16,"column":60}},"16":{"start":{"line":17,"column":0},"end":{"line":17,"column":35}},"17":{"start":{"line":18,"column":0},"end":{"line":18,"column":69}},"18":{"start":{"line":19,"column":0},"end":{"line":19,"column":11}},"19":{"start":{"line":20,"column":0},"end":{"line":20,"column":6}},"21":{"start":{"line":22,"column":0},"end":{"line":22,"column":21}},"22":{"start":{"line":23,"column":0},"end":{"line":23,"column":35}},"23":{"start":{"line":24,"column":0},"end":{"line":24,"column":35}},"25":{"start":{"line":26,"column":0},"end":{"line":26,"column":56}},"26":{"start":{"line":27,"column":0},"end":{"line":27,"column":30}},"27":{"start":{"line":28,"column":0},"end":{"line":28,"column":20}},"28":{"start":{"line":29,"column":0},"end":{"line":29,"column":6}},"30":{"start":{"line":31,"column":0},"end":{"line":31,"column":46}},"31":{"start":{"line":32,"column":0},"end":{"line":32,"column":30}},"32":{"start":{"line":33,"column":0},"end":{"line":33,"column":35}},"33":{"start":{"line":34,"column":0},"end":{"line":34,"column":6}},"35":{"start":{"line":36,"column":0},"end":{"line":36,"column":12}},"36":{"start":{"line":37,"column":0},"end":{"line":37,"column":37}},"37":{"start":{"line":38,"column":0},"end":{"line":38,"column":36}},"38":{"start":{"line":39,"column":0},"end":{"line":39,"column":28}},"39":{"start":{"line":40,"column":0},"end":{"line":40,"column":33}},"40":{"start":{"line":41,"column":0},"end":{"line":41,"column":31}},"41":{"start":{"line":42,"column":0},"end":{"line":42,"column":45}},"42":{"start":{"line":43,"column":0},"end":{"line":43,"column":47}},"43":{"start":{"line":44,"column":0},"end":{"line":44,"column":18}},"44":{"start":{"line":45,"column":0},"end":{"line":45,"column":15}},"45":{"start":{"line":46,"column":0},"end":{"line":46,"column":14}},"47":{"start":{"line":48,"column":0},"end":{"line":48,"column":2}}},"s":{"0":1,"10":1,"11":26,"12":26,"13":47,"14":47,"15":47,"16":47,"17":47,"18":26,"19":26,"21":26,"22":11,"23":26,"25":26,"26":3,"27":3,"28":3,"30":26,"31":1,"32":1,"33":1,"35":26,"36":26,"37":26,"38":15,"39":15,"40":15,"41":15,"42":15,"43":15,"44":26,"45":26,"47":26},"branchMap":{"0":{"type":"branch","line":11,"loc":{"start":{"line":11,"column":27},"end":{"line":48,"column":2}},"locations":[{"start":{"line":11,"column":27},"end":{"line":48,"column":2}}]},"1":{"type":"branch","line":13,"loc":{"start":{"line":13,"column":19},"end":{"line":19,"column":10}},"locations":[{"start":{"line":13,"column":19},"end":{"line":19,"column":10}}]},"2":{"type":"branch","line":22,"loc":{"start":{"line":22,"column":14},"end":{"line":24,"column":7}},"locations":[{"start":{"line":22,"column":14},"end":{"line":24,"column":7}}]},"3":{"type":"branch","line":26,"loc":{"start":{"line":26,"column":28},"end":{"line":29,"column":6}},"locations":[{"start":{"line":26,"column":28},"end":{"line":29,"column":6}}]},"4":{"type":"branch","line":31,"loc":{"start":{"line":31,"column":29},"end":{"line":34,"column":6}},"locations":[{"start":{"line":31,"column":29},"end":{"line":34,"column":6}}]},"5":{"type":"branch","line":38,"loc":{"start":{"line":38,"column":25},"end":{"line":44,"column":18}},"locations":[{"start":{"line":38,"column":25},"end":{"line":44,"column":18}}]}},"b":{"0":[26],"1":[47],"2":[11],"3":[3],"4":[1],"5":[15]},"fnMap":{"0":{"name":"HistoryList","decl":{"start":{"line":11,"column":27},"end":{"line":48,"column":2}},"loc":{"start":{"line":11,"column":27},"end":{"line":48,"column":2}},"line":11},"1":{"name":"handleItemClick","decl":{"start":{"line":26,"column":28},"end":{"line":29,"column":6}},"loc":{"start":{"line":26,"column":28},"end":{"line":29,"column":6}},"line":26},"2":{"name":"handleDeleteItem","decl":{"start":{"line":31,"column":29},"end":{"line":34,"column":6}},"loc":{"start":{"line":31,"column":29},"end":{"line":34,"column":6}},"line":31}},"f":{"0":26,"1":3,"2":1}}
,"/Users/azamatos/www/yandex/shri-2025/src/components/HistoryModal/HistoryModal.tsx": {"path":"/Users/azamatos/www/yandex/shri-2025/src/components/HistoryModal/HistoryModal.tsx","all":false,"statementMap":{"0":{"start":{"line":1,"column":0},"end":{"line":1,"column":27}},"11":{"start":{"line":12,"column":0},"end":{"line":12,"column":39}},"12":{"start":{"line":13,"column":0},"end":{"line":13,"column":69}},"13":{"start":{"line":14,"column":0},"end":{"line":14,"column":32}},"14":{"start":{"line":15,"column":0},"end":{"line":15,"column":43}},"15":{"start":{"line":16,"column":0},"end":{"line":16,"column":45}},"16":{"start":{"line":17,"column":0},"end":{"line":17,"column":39}},"17":{"start":{"line":18,"column":0},"end":{"line":18,"column":11}},"18":{"start":{"line":19,"column":0},"end":{"line":19,"column":6}},"20":{"start":{"line":21,"column":0},"end":{"line":21,"column":36}},"21":{"start":{"line":22,"column":0},"end":{"line":22,"column":20}},"22":{"start":{"line":23,"column":0},"end":{"line":23,"column":5}},"24":{"start":{"line":25,"column":0},"end":{"line":25,"column":95}},"26":{"start":{"line":27,"column":0},"end":{"line":27,"column":12}},"27":{"start":{"line":28,"column":0},"end":{"line":28,"column":56}},"28":{"start":{"line":29,"column":0},"end":{"line":29,"column":77}},"29":{"start":{"line":30,"column":0},"end":{"line":30,"column":51}},"30":{"start":{"line":31,"column":0},"end":{"line":31,"column":53}},"31":{"start":{"line":32,"column":0},"end":{"line":32,"column":119}},"32":{"start":{"line":33,"column":0},"end":{"line":33,"column":23}},"33":{"start":{"line":34,"column":0},"end":{"line":34,"column":22}},"34":{"start":{"line":35,"column":0},"end":{"line":35,"column":18}},"35":{"start":{"line":36,"column":0},"end":{"line":36,"column":16}},"37":{"start":{"line":38,"column":0},"end":{"line":38,"column":2}}},"s":{"0":1,"11":1,"12":10,"13":10,"14":11,"15":11,"16":11,"17":10,"18":10,"20":10,"21":3,"22":3,"24":7,"26":7,"27":7,"28":7,"29":7,"30":7,"31":63,"32":7,"33":7,"34":7,"35":7,"37":7},"branchMap":{"0":{"type":"branch","line":12,"loc":{"start":{"line":12,"column":32},"end":{"line":38,"column":2}},"locations":[{"start":{"line":12,"column":32},"end":{"line":38,"column":2}}]},"1":{"type":"branch","line":21,"loc":{"start":{"line":21,"column":9},"end":{"line":21,"column":35}},"locations":[{"start":{"line":21,"column":9},"end":{"line":21,"column":35}}]},"2":{"type":"branch","line":21,"loc":{"start":{"line":21,"column":35},"end":{"line":23,"column":5}},"locations":[{"start":{"line":21,"column":35},"end":{"line":23,"column":5}}]},"3":{"type":"branch","line":23,"loc":{"start":{"line":23,"column":4},"end":{"line":38,"column":2}},"locations":[{"start":{"line":23,"column":4},"end":{"line":38,"column":2}}]},"4":{"type":"branch","line":14,"loc":{"start":{"line":14,"column":19},"end":{"line":18,"column":10}},"locations":[{"start":{"line":14,"column":19},"end":{"line":18,"column":10}}]},"5":{"type":"branch","line":31,"loc":{"start":{"line":31,"column":37},"end":{"line":32,"column":119}},"locations":[{"start":{"line":31,"column":37},"end":{"line":32,"column":119}}]}},"b":{"0":[10],"1":[8],"2":[3],"3":[7],"4":[11],"5":[63]},"fnMap":{"0":{"name":"HistoryModal","decl":{"start":{"line":12,"column":32},"end":{"line":38,"column":2}},"loc":{"start":{"line":12,"column":32},"end":{"line":38,"column":2}},"line":12}},"f":{"0":10}}
,"/Users/azamatos/www/yandex/shri-2025/src/components/MainLayout/MainLayout.tsx": {"path":"/Users/azamatos/www/yandex/shri-2025/src/components/MainLayout/MainLayout.tsx","all":true,"statementMap":{"0":{"start":{"line":1,"column":0},"end":{"line":1,"column":44}},"5":{"start":{"line":6,"column":0},"end":{"line":6,"column":33}},"6":{"start":{"line":7,"column":0},"end":{"line":7,"column":12}},"7":{"start":{"line":8,"column":0},"end":{"line":8,"column":39}},"8":{"start":{"line":9,"column":0},"end":{"line":9,"column":22}},"9":{"start":{"line":10,"column":0},"end":{"line":10,"column":42}},"10":{"start":{"line":11,"column":0},"end":{"line":11,"column":26}},"11":{"start":{"line":12,"column":0},"end":{"line":12,"column":19}},"12":{"start":{"line":13,"column":0},"end":{"line":13,"column":14}},"14":{"start":{"line":15,"column":0},"end":{"line":15,"column":2}}},"s":{"0":0,"5":0,"6":0,"7":0,"8":0,"9":0,"10":0,"11":0,"12":0,"14":0},"branchMap":{"0":{"type":"branch","line":1,"loc":{"start":{"line":1,"column":360},"end":{"line":15,"column":2}},"locations":[{"start":{"line":1,"column":360},"end":{"line":15,"column":2}}]}},"b":{"0":[0]},"fnMap":{"0":{"name":"(empty-report)","decl":{"start":{"line":1,"column":360},"end":{"line":15,"column":2}},"loc":{"start":{"line":1,"column":360},"end":{"line":15,"column":2}},"line":1}},"f":{"0":0}}
,"/Users/azamatos/www/yandex/shri-2025/src/hooks/use-csv-analysis.ts": {"path":"/Users/azamatos/www/yandex/shri-2025/src/hooks/use-csv-analysis.ts","all":false,"statementMap":{"0":{"start":{"line":1,"column":0},"end":{"line":1,"column":36}},"7":{"start":{"line":8,"column":0},"end":{"line":8,"column":27}},"15":{"start":{"line":16,"column":0},"end":{"line":16,"column":87}},"16":{"start":{"line":17,"column":0},"end":{"line":17,"column":35}},"17":{"start":{"line":18,"column":0},"end":{"line":18,"column":30}},"18":{"start":{"line":19,"column":0},"end":{"line":19,"column":17}},"19":{"start":{"line":20,"column":0},"end":{"line":20,"column":48}},"20":{"start":{"line":21,"column":0},"end":{"line":21,"column":45}},"22":{"start":{"line":23,"column":0},"end":{"line":23,"column":92}},"23":{"start":{"line":24,"column":0},"end":{"line":24,"column":35}},"24":{"start":{"line":25,"column":0},"end":{"line":25,"column":35}},"25":{"start":{"line":26,"column":0},"end":{"line":26,"column":19}},"27":{"start":{"line":28,"column":0},"end":{"line":28,"column":37}},"28":{"start":{"line":29,"column":0},"end":{"line":29,"column":66}},"29":{"start":{"line":30,"column":0},"end":{"line":30,"column":17}},"31":{"start":{"line":32,"column":0},"end":{"line":32,"column":35}},"32":{"start":{"line":33,"column":0},"end":{"line":33,"column":89}},"33":{"start":{"line":34,"column":0},"end":{"line":34,"column":17}},"35":{"start":{"line":36,"column":0},"end":{"line":36,"column":57}},"36":{"start":{"line":37,"column":0},"end":{"line":37,"column":35}},"38":{"start":{"line":39,"column":0},"end":{"line":39,"column":67}},"40":{"start":{"line":41,"column":0},"end":{"line":41,"column":33}},"41":{"start":{"line":42,"column":0},"end":{"line":42,"column":64}},"43":{"start":{"line":44,"column":0},"end":{"line":44,"column":34}},"44":{"start":{"line":45,"column":0},"end":{"line":45,"column":31}},"45":{"start":{"line":46,"column":0},"end":{"line":46,"column":47}},"46":{"start":{"line":47,"column":0},"end":{"line":47,"column":30}},"47":{"start":{"line":48,"column":0},"end":{"line":48,"column":21}},"48":{"start":{"line":49,"column":0},"end":{"line":49,"column":32}},"49":{"start":{"line":50,"column":0},"end":{"line":50,"column":114}},"50":{"start":{"line":51,"column":0},"end":{"line":51,"column":55}},"51":{"start":{"line":52,"column":0},"end":{"line":52,"column":50}},"52":{"start":{"line":53,"column":0},"end":{"line":53,"column":21}},"53":{"start":{"line":54,"column":0},"end":{"line":54,"column":17}},"54":{"start":{"line":55,"column":0},"end":{"line":55,"column":29}},"55":{"start":{"line":56,"column":0},"end":{"line":56,"column":66}},"56":{"start":{"line":57,"column":0},"end":{"line":57,"column":35}},"57":{"start":{"line":58,"column":0},"end":{"line":58,"column":27}},"58":{"start":{"line":59,"column":0},"end":{"line":59,"column":17}},"60":{"start":{"line":61,"column":0},"end":{"line":61,"column":69}},"61":{"start":{"line":62,"column":0},"end":{"line":62,"column":13}},"62":{"start":{"line":63,"column":0},"end":{"line":63,"column":10}},"63":{"start":{"line":64,"column":0},"end":{"line":64,"column":37}},"64":{"start":{"line":65,"column":0},"end":{"line":65,"column":6}},"66":{"start":{"line":67,"column":0},"end":{"line":67,"column":26}},"67":{"start":{"line":68,"column":0},"end":{"line":68,"column":2}}},"s":{"0":1,"7":1,"15":1,"16":7,"17":7,"18":6,"19":6,"20":6,"22":6,"23":6,"24":6,"25":6,"27":6,"28":1,"29":1,"31":6,"32":1,"33":1,"35":3,"36":3,"38":3,"40":6,"41":4,"43":4,"44":4,"45":2,"46":2,"47":2,"48":2,"49":2,"50":2,"51":2,"52":2,"53":4,"54":6,"55":4,"56":1,"57":1,"58":1,"60":3,"61":3,"62":6,"63":7,"64":7,"66":7,"67":7},"branchMap":{"0":{"type":"branch","line":16,"loc":{"start":{"line":16,"column":30},"end":{"line":68,"column":2}},"locations":[{"start":{"line":16,"column":30},"end":{"line":68,"column":2}}]},"1":{"type":"branch","line":18,"loc":{"start":{"line":18,"column":8},"end":{"line":63,"column":10}},"locations":[{"start":{"line":18,"column":8},"end":{"line":63,"column":10}}]},"2":{"type":"branch","line":26,"loc":{"start":{"line":26,"column":17},"end":{"line":28,"column":36}},"locations":[{"start":{"line":26,"column":17},"end":{"line":28,"column":36}}]},"3":{"type":"branch","line":28,"loc":{"start":{"line":28,"column":36},"end":{"line":30,"column":17}},"locations":[{"start":{"line":28,"column":36},"end":{"line":30,"column":17}}]},"4":{"type":"branch","line":30,"loc":{"start":{"line":30,"column":16},"end":{"line":32,"column":34}},"locations":[{"start":{"line":30,"column":16},"end":{"line":32,"column":34}}]},"5":{"type":"branch","line":32,"loc":{"start":{"line":32,"column":34},"end":{"line":34,"column":17}},"locations":[{"start":{"line":32,"column":34},"end":{"line":34,"column":17}}]},"6":{"type":"branch","line":34,"loc":{"start":{"line":34,"column":16},"end":{"line":41,"column":32}},"locations":[{"start":{"line":34,"column":16},"end":{"line":41,"column":32}}]},"7":{"type":"branch","line":41,"loc":{"start":{"line":41,"column":32},"end":{"line":54,"column":17}},"locations":[{"start":{"line":41,"column":32},"end":{"line":54,"column":17}}]},"8":{"type":"branch","line":45,"loc":{"start":{"line":45,"column":30},"end":{"line":53,"column":21}},"locations":[{"start":{"line":45,"column":30},"end":{"line":53,"column":21}}]},"9":{"type":"branch","line":55,"loc":{"start":{"line":55,"column":12},"end":{"line":62,"column":13}},"locations":[{"start":{"line":55,"column":12},"end":{"line":62,"column":13}}]},"10":{"type":"branch","line":56,"loc":{"start":{"line":56,"column":65},"end":{"line":59,"column":17}},"locations":[{"start":{"line":56,"column":65},"end":{"line":59,"column":17}}]},"11":{"type":"branch","line":59,"loc":{"start":{"line":59,"column":16},"end":{"line":62,"column":13}},"locations":[{"start":{"line":59,"column":16},"end":{"line":62,"column":13}}]}},"b":{"0":[7],"1":[6],"2":[5],"3":[1],"4":[4],"5":[1],"6":[3],"7":[4],"8":[2],"9":[4],"10":[1],"11":[3]},"fnMap":{"0":{"name":"useCsvAnalysis","decl":{"start":{"line":16,"column":30},"end":{"line":68,"column":2}},"loc":{"start":{"line":16,"column":30},"end":{"line":68,"column":2}},"line":16}},"f":{"0":7}}
,"/Users/azamatos/www/yandex/shri-2025/src/hooks/use-debounce.ts": {"path":"/Users/azamatos/www/yandex/shri-2025/src/hooks/use-debounce.ts","all":false,"statementMap":{"0":{"start":{"line":1,"column":0},"end":{"line":1,"column":31}},"24":{"start":{"line":25,"column":0},"end":{"line":25,"column":71}},"25":{"start":{"line":26,"column":0},"end":{"line":26,"column":36}},"26":{"start":{"line":27,"column":0},"end":{"line":27,"column":36}},"27":{"start":{"line":28,"column":0},"end":{"line":28,"column":3}},"28":{"start":{"line":29,"column":0},"end":{"line":29,"column":56}},"30":{"start":{"line":31,"column":0},"end":{"line":31,"column":26}},"31":{"start":{"line":32,"column":0},"end":{"line":32,"column":45}},"32":{"start":{"line":33,"column":0},"end":{"line":33,"column":26}},"33":{"start":{"line":34,"column":0},"end":{"line":34,"column":64}},"34":{"start":{"line":35,"column":0},"end":{"line":35,"column":7}},"36":{"start":{"line":37,"column":0},"end":{"line":37,"column":23}},"37":{"start":{"line":38,"column":0},"end":{"line":38,"column":47}},"38":{"start":{"line":39,"column":0},"end":{"line":39,"column":45}},"39":{"start":{"line":40,"column":0},"end":{"line":40,"column":19}},"40":{"start":{"line":41,"column":0},"end":{"line":41,"column":9}},"42":{"start":{"line":43,"column":0},"end":{"line":43,"column":35}},"43":{"start":{"line":44,"column":0},"end":{"line":44,"column":41}},"44":{"start":{"line":45,"column":0},"end":{"line":45,"column":58}},"45":{"start":{"line":46,"column":0},"end":{"line":46,"column":28}},"46":{"start":{"line":47,"column":0},"end":{"line":47,"column":22}},"47":{"start":{"line":48,"column":0},"end":{"line":48,"column":15}},"48":{"start":{"line":49,"column":0},"end":{"line":49,"column":16}},"50":{"start":{"line":51,"column":0},"end":{"line":51,"column":56}},"51":{"start":{"line":52,"column":0},"end":{"line":52,"column":58}},"52":{"start":{"line":53,"column":0},"end":{"line":53,"column":28}},"53":{"start":{"line":54,"column":0},"end":{"line":54,"column":22}},"54":{"start":{"line":55,"column":0},"end":{"line":55,"column":22}},"55":{"start":{"line":56,"column":0},"end":{"line":56,"column":9}},"56":{"start":{"line":57,"column":0},"end":{"line":57,"column":6}},"58":{"start":{"line":59,"column":0},"end":{"line":59,"column":48}},"59":{"start":{"line":60,"column":0},"end":{"line":60,"column":39}},"61":{"start":{"line":62,"column":0},"end":{"line":62,"column":40}},"62":{"start":{"line":63,"column":0},"end":{"line":63,"column":44}},"63":{"start":{"line":64,"column":0},"end":{"line":64,"column":18}},"64":{"start":{"line":65,"column":0},"end":{"line":65,"column":9}},"65":{"start":{"line":66,"column":0},"end":{"line":66,"column":6}},"66":{"start":{"line":67,"column":0},"end":{"line":67,"column":2}}},"s":{"0":1,"24":1,"25":6,"26":6,"27":6,"28":6,"30":6,"31":6,"32":6,"33":6,"34":6,"36":6,"37":22,"38":6,"39":6,"40":6,"42":22,"43":6,"44":6,"45":6,"46":6,"47":6,"48":22,"50":10,"51":10,"52":10,"53":10,"54":10,"55":10,"56":22,"58":6,"59":16,"61":16,"62":6,"63":6,"64":6,"65":16,"66":6},"branchMap":{"0":{"type":"branch","line":25,"loc":{"start":{"line":25,"column":27},"end":{"line":67,"column":2}},"locations":[{"start":{"line":25,"column":27},"end":{"line":67,"column":2}}]},"1":{"type":"branch","line":37,"loc":{"start":{"line":37,"column":16},"end":{"line":57,"column":6}},"locations":[{"start":{"line":37,"column":16},"end":{"line":57,"column":6}}]},"2":{"type":"branch","line":38,"loc":{"start":{"line":38,"column":46},"end":{"line":41,"column":9}},"locations":[{"start":{"line":38,"column":46},"end":{"line":41,"column":9}}]},"3":{"type":"branch","line":41,"loc":{"start":{"line":41,"column":8},"end":{"line":43,"column":34}},"locations":[{"start":{"line":41,"column":8},"end":{"line":43,"column":34}}]},"4":{"type":"branch","line":43,"loc":{"start":{"line":43,"column":34},"end":{"line":49,"column":15}},"locations":[{"start":{"line":43,"column":34},"end":{"line":49,"column":15}}]},"5":{"type":"branch","line":49,"loc":{"start":{"line":49,"column":8},"end":{"line":56,"column":9}},"locations":[{"start":{"line":49,"column":8},"end":{"line":56,"column":9}}]},"6":{"type":"branch","line":44,"loc":{"start":{"line":44,"column":34},"end":{"line":48,"column":13}},"locations":[{"start":{"line":44,"column":34},"end":{"line":48,"column":13}}]},"7":{"type":"branch","line":51,"loc":{"start":{"line":51,"column":49},"end":{"line":55,"column":15}},"locations":[{"start":{"line":51,"column":49},"end":{"line":55,"column":15}}]},"8":{"type":"branch","line":59,"loc":{"start":{"line":59,"column":11},"end":{"line":66,"column":6}},"locations":[{"start":{"line":59,"column":11},"end":{"line":66,"column":6}}]},"9":{"type":"branch","line":62,"loc":{"start":{"line":62,"column":39},"end":{"line":65,"column":9}},"locations":[{"start":{"line":62,"column":39},"end":{"line":65,"column":9}}]}},"b":{"0":[6],"1":[22],"2":[6],"3":[16],"4":[6],"5":[10],"6":[6],"7":[10],"8":[16],"9":[6]},"fnMap":{"0":{"name":"useDebounce","decl":{"start":{"line":25,"column":27},"end":{"line":67,"column":2}},"loc":{"start":{"line":25,"column":27},"end":{"line":67,"column":2}},"line":25},"1":{"name":"run","decl":{"start":{"line":37,"column":16},"end":{"line":57,"column":6}},"loc":{"start":{"line":37,"column":16},"end":{"line":57,"column":6}},"line":37}},"f":{"0":6,"1":22}}
,"/Users/azamatos/www/yandex/shri-2025/src/pages/Generate/GeneratePage.tsx": {"path":"/Users/azamatos/www/yandex/shri-2025/src/pages/Generate/GeneratePage.tsx","all":true,"statementMap":{"0":{"start":{"line":1,"column":0},"end":{"line":1,"column":44}},"11":{"start":{"line":12,"column":0},"end":{"line":12,"column":26}},"13":{"start":{"line":14,"column":0},"end":{"line":14,"column":35}},"14":{"start":{"line":15,"column":0},"end":{"line":15,"column":60}},"15":{"start":{"line":16,"column":0},"end":{"line":16,"column":60}},"16":{"start":{"line":17,"column":0},"end":{"line":17,"column":78}},"18":{"start":{"line":19,"column":0},"end":{"line":19,"column":40}},"19":{"start":{"line":20,"column":0},"end":{"line":20,"column":13}},"20":{"start":{"line":21,"column":0},"end":{"line":21,"column":34}},"21":{"start":{"line":22,"column":0},"end":{"line":22,"column":27}},"23":{"start":{"line":24,"column":0},"end":{"line":24,"column":85}},"24":{"start":{"line":25,"column":0},"end":{"line":25,"column":30}},"25":{"start":{"line":26,"column":0},"end":{"line":26,"column":15}},"27":{"start":{"line":28,"column":0},"end":{"line":28,"column":31}},"28":{"start":{"line":29,"column":0},"end":{"line":29,"column":56}},"29":{"start":{"line":30,"column":0},"end":{"line":30,"column":32}},"30":{"start":{"line":31,"column":0},"end":{"line":31,"column":35}},"31":{"start":{"line":32,"column":0},"end":{"line":32,"column":64}},"32":{"start":{"line":33,"column":0},"end":{"line":33,"column":78}},"33":{"start":{"line":34,"column":0},"end":{"line":34,"column":18}},"34":{"start":{"line":35,"column":0},"end":{"line":35,"column":13}},"36":{"start":{"line":37,"column":0},"end":{"line":37,"column":83}},"37":{"start":{"line":38,"column":0},"end":{"line":38,"column":47}},"38":{"start":{"line":39,"column":0},"end":{"line":39,"column":76}},"39":{"start":{"line":40,"column":0},"end":{"line":40,"column":31}},"41":{"start":{"line":42,"column":0},"end":{"line":42,"column":47}},"43":{"start":{"line":44,"column":0},"end":{"line":44,"column":57}},"44":{"start":{"line":45,"column":0},"end":{"line":45,"column":53}},"45":{"start":{"line":46,"column":0},"end":{"line":46,"column":28}},"46":{"start":{"line":47,"column":0},"end":{"line":47,"column":37}},"48":{"start":{"line":49,"column":0},"end":{"line":49,"column":44}},"49":{"start":{"line":50,"column":0},"end":{"line":50,"column":25}},"50":{"start":{"line":51,"column":0},"end":{"line":51,"column":44}},"51":{"start":{"line":52,"column":0},"end":{"line":52,"column":44}},"53":{"start":{"line":54,"column":0},"end":{"line":54,"column":61}},"54":{"start":{"line":55,"column":0},"end":{"line":55,"column":25}},"55":{"start":{"line":56,"column":0},"end":{"line":56,"column":116}},"56":{"start":{"line":57,"column":0},"end":{"line":57,"column":19}},"57":{"start":{"line":58,"column":0},"end":{"line":58,"column":35}},"58":{"start":{"line":59,"column":0},"end":{"line":59,"column":9}},"59":{"start":{"line":60,"column":0},"end":{"line":60,"column":6}},"61":{"start":{"line":62,"column":0},"end":{"line":62,"column":21}},"62":{"start":{"line":63,"column":0},"end":{"line":63,"column":30}},"63":{"start":{"line":64,"column":0},"end":{"line":64,"column":19}},"64":{"start":{"line":65,"column":0},"end":{"line":65,"column":9}},"66":{"start":{"line":67,"column":0},"end":{"line":67,"column":42}},"67":{"start":{"line":68,"column":0},"end":{"line":68,"column":36}},"68":{"start":{"line":69,"column":0},"end":{"line":69,"column":17}},"70":{"start":{"line":71,"column":0},"end":{"line":71,"column":43}},"71":{"start":{"line":72,"column":0},"end":{"line":72,"column":25}},"73":{"start":{"line":74,"column":0},"end":{"line":74,"column":12}},"74":{"start":{"line":75,"column":0},"end":{"line":75,"column":42}},"75":{"start":{"line":76,"column":0},"end":{"line":76,"column":66}},"77":{"start":{"line":78,"column":0},"end":{"line":78,"column":25}},"79":{"start":{"line":80,"column":0},"end":{"line":80,"column":19}},"80":{"start":{"line":81,"column":0},"end":{"line":81,"column":29}},"81":{"start":{"line":82,"column":0},"end":{"line":82,"column":33}},"82":{"start":{"line":83,"column":0},"end":{"line":83,"column":45}},"83":{"start":{"line":84,"column":0},"end":{"line":84,"column":39}},"84":{"start":{"line":85,"column":0},"end":{"line":85,"column":40}},"85":{"start":{"line":86,"column":0},"end":{"line":86,"column":54}},"86":{"start":{"line":87,"column":0},"end":{"line":87,"column":56}},"87":{"start":{"line":88,"column":0},"end":{"line":88,"column":19}},"89":{"start":{"line":90,"column":0},"end":{"line":90,"column":64}},"90":{"start":{"line":91,"column":0},"end":{"line":91,"column":21}},"92":{"start":{"line":93,"column":0},"end":{"line":93,"column":32}},"93":{"start":{"line":94,"column":0},"end":{"line":94,"column":44}},"94":{"start":{"line":95,"column":0},"end":{"line":95,"column":36}},"95":{"start":{"line":96,"column":0},"end":{"line":96,"column":29}},"97":{"start":{"line":98,"column":0},"end":{"line":98,"column":23}},"98":{"start":{"line":99,"column":0},"end":{"line":99,"column":58}},"99":{"start":{"line":100,"column":0},"end":{"line":100,"column":27}},"100":{"start":{"line":101,"column":0},"end":{"line":101,"column":29}},"102":{"start":{"line":103,"column":0},"end":{"line":103,"column":14}},"104":{"start":{"line":105,"column":0},"end":{"line":105,"column":2}}},"s":{"0":0,"11":0,"13":0,"14":0,"15":0,"16":0,"18":0,"19":0,"20":0,"21":0,"23":0,"24":0,"25":0,"27":0,"28":0,"29":0,"30":0,"31":0,"32":0,"33":0,"34":0,"36":0,"37":0,"38":0,"39":0,"41":0,"43":0,"44":0,"45":0,"46":0,"48":0,"49":0,"50":0,"51":0,"53":0,"54":0,"55":0,"56":0,"57":0,"58":0,"59":0,"61":0,"62":0,"63":0,"64":0,"66":0,"67":0,"68":0,"70":0,"71":0,"73":0,"74":0,"75":0,"77":0,"79":0,"80":0,"81":0,"82":0,"83":0,"84":0,"85":0,"86":0,"87":0,"89":0,"90":0,"92":0,"93":0,"94":0,"95":0,"97":0,"98":0,"99":0,"100":0,"102":0,"104":0},"branchMap":{"0":{"type":"branch","line":1,"loc":{"start":{"line":1,"column":0},"end":{"line":105,"column":-764}},"locations":[{"start":{"line":1,"column":0},"end":{"line":105,"column":-764}}]}},"b":{"0":[0]},"fnMap":{"0":{"name":"(empty-report)","decl":{"start":{"line":1,"column":0},"end":{"line":105,"column":-764}},"loc":{"start":{"line":1,"column":0},"end":{"line":105,"column":-764}},"line":1}},"f":{"0":0}}
,"/Users/azamatos/www/yandex/shri-2025/src/pages/History/HistoryPage.tsx": {"path":"/Users/azamatos/www/yandex/shri-2025/src/pages/History/HistoryPage.tsx","all":true,"statementMap":{"0":{"start":{"line":1,"column":0},"end":{"line":1,"column":68}},"7":{"start":{"line":8,"column":0},"end":{"line":8,"column":34}},"8":{"start":{"line":9,"column":0},"end":{"line":9,"column":12}},"9":{"start":{"line":10,"column":0},"end":{"line":10,"column":42}},"10":{"start":{"line":11,"column":0},"end":{"line":11,"column":27}},"11":{"start":{"line":12,"column":0},"end":{"line":12,"column":44}},"12":{"start":{"line":13,"column":0},"end":{"line":13,"column":38}},"13":{"start":{"line":14,"column":0},"end":{"line":14,"column":38}},"14":{"start":{"line":15,"column":0},"end":{"line":15,"column":18}},"15":{"start":{"line":16,"column":0},"end":{"line":16,"column":28}},"16":{"start":{"line":17,"column":0},"end":{"line":17,"column":14}},"18":{"start":{"line":19,"column":0},"end":{"line":19,"column":2}}},"s":{"0":0,"7":0,"8":0,"9":0,"10":0,"11":0,"12":0,"13":0,"14":0,"15":0,"16":0,"18":0},"branchMap":{"0":{"type":"branch","line":1,"loc":{"start":{"line":1,"column":613},"end":{"line":19,"column":2}},"locations":[{"start":{"line":1,"column":613},"end":{"line":19,"column":2}}]}},"b":{"0":[0]},"fnMap":{"0":{"name":"(empty-report)","decl":{"start":{"line":1,"column":613},"end":{"line":19,"column":2}},"loc":{"start":{"line":1,"column":613},"end":{"line":19,"column":2}},"line":1}},"f":{"0":0}}
,"/Users/azamatos/www/yandex/shri-2025/src/pages/Home/HomePage.tsx": {"path":"/Users/azamatos/www/yandex/shri-2025/src/pages/Home/HomePage.tsx","all":true,"statementMap":{"0":{"start":{"line":1,"column":0},"end":{"line":1,"column":47}},"13":{"start":{"line":14,"column":0},"end":{"line":14,"column":31}},"14":{"start":{"line":15,"column":0},"end":{"line":15,"column":119}},"16":{"start":{"line":17,"column":0},"end":{"line":17,"column":53}},"17":{"start":{"line":18,"column":0},"end":{"line":18,"column":31}},"19":{"start":{"line":20,"column":0},"end":{"line":20,"column":19}},"20":{"start":{"line":21,"column":0},"end":{"line":21,"column":62}},"21":{"start":{"line":22,"column":0},"end":{"line":22,"column":9}},"22":{"start":{"line":23,"column":0},"end":{"line":23,"column":6}},"24":{"start":{"line":25,"column":0},"end":{"line":25,"column":39}},"25":{"start":{"line":26,"column":0},"end":{"line":26,"column":32}},"27":{"start":{"line":28,"column":0},"end":{"line":28,"column":19}},"28":{"start":{"line":29,"column":0},"end":{"line":29,"column":50}},"29":{"start":{"line":30,"column":0},"end":{"line":30,"column":9}},"30":{"start":{"line":31,"column":0},"end":{"line":31,"column":6}},"32":{"start":{"line":33,"column":0},"end":{"line":33,"column":43}},"33":{"start":{"line":34,"column":0},"end":{"line":34,"column":30}},"34":{"start":{"line":35,"column":0},"end":{"line":35,"column":19}},"35":{"start":{"line":36,"column":0},"end":{"line":36,"column":16}},"36":{"start":{"line":37,"column":0},"end":{"line":37,"column":7}},"38":{"start":{"line":39,"column":0},"end":{"line":39,"column":54}},"39":{"start":{"line":40,"column":0},"end":{"line":40,"column":30}},"40":{"start":{"line":41,"column":0},"end":{"line":41,"column":6}},"42":{"start":{"line":43,"column":0},"end":{"line":43,"column":36}},"43":{"start":{"line":44,"column":0},"end":{"line":44,"column":47}},"44":{"start":{"line":45,"column":0},"end":{"line":45,"column":19}},"45":{"start":{"line":46,"column":0},"end":{"line":46,"column":9}},"47":{"start":{"line":48,"column":0},"end":{"line":48,"column":32}},"48":{"start":{"line":49,"column":0},"end":{"line":49,"column":31}},"49":{"start":{"line":50,"column":0},"end":{"line":50,"column":6}},"51":{"start":{"line":52,"column":0},"end":{"line":52,"column":12}},"52":{"start":{"line":53,"column":0},"end":{"line":53,"column":42}},"53":{"start":{"line
[...]
,"/Users/azamatos/www/yandex/shri-2025/src/ui/icons/Upload/Upload.tsx": {"path":"/Users/azamatos/www/yandex/shri-2025/src/ui/icons/Upload/Upload.tsx","all":false,"statementMap":{"0":{"start":{"line":1,"column":0},"end":{"line":1,"column":27}},"5":{"start":{"line":6,"column":0},"end":{"line":6,"column":65}},"6":{"start":{"line":7,"column":0},"end":{"line":7,"column":35}},"7":{"start":{"line":8,"column":0},"end":{"line":8,"column":13}},"8":{"start":{"line":9,"column":0},"end":{"line":9,"column":40}},"9":{"start":{"line":10,"column":0},"end":{"line":10,"column":33}},"10":{"start":{"line":11,"column":0},"end":{"line":11,"column":29}},"11":{"start":{"line":12,"column":0},"end":{"line":12,"column":33}},"12":{"start":{"line":13,"column":0},"end":{"line":13,"column":33}},"13":{"start":{"line":14,"column":0},"end":{"line":14,"column":10}},"14":{"start":{"line":15,"column":0},"end":{"line":15,"column":13}},"15":{"start":{"line":16,"column":0},"end":{"line":16,"column":569}},"16":{"start":{"line":17,"column":0},"end":{"line":17,"column":33}},"17":{"start":{"line":18,"column":0},"end":{"line":18,"column":29}},"18":{"start":{"line":19,"column":0},"end":{"line":19,"column":33}},"19":{"start":{"line":20,"column":0},"end":{"line":20,"column":34}},"20":{"start":{"line":21,"column":0},"end":{"line":21,"column":10}},"21":{"start":{"line":22,"column":0},"end":{"line":22,"column":14}}},"s":{"0":1,"5":1,"6":10,"7":10,"8":10,"9":10,"10":10,"11":10,"12":10,"13":10,"14":10,"15":10,"16":10,"17":10,"18":10,"19":10,"20":10,"21":10},"branchMap":{"0":{"type":"branch","line":6,"loc":{"start":{"line":6,"column":41},"end":{"line":22,"column":14}},"locations":[{"start":{"line":6,"column":41},"end":{"line":22,"column":14}}]}},"b":{"0":[10]},"fnMap":{"0":{"name":"Upload","decl":{"start":{"line":6,"column":41},"end":{"line":22,"column":14}},"loc":{"start":{"line":6,"column":41},"end":{"line":22,"column":14}},"line":6}},"f":{"0":10}}
,"/Users/azamatos/www/yandex/shri-2025/src/utils/analysis.ts": {"path":"/Users/azamatos/www/yandex/shri-2025/src/utils/analysis.ts","all":false,"statementMap":{"0":{"start":{"line":1,"column":0},"end":{"line":1,"column":56}},"8":{"start":{"line":9,"column":0},"end":{"line":9,"column":55}},"9":{"start":{"line":10,"column":0},"end":{"line":10,"column":34}},"10":{"start":{"line":11,"column":0},"end":{"line":11,"column":23}},"11":{"start":{"line":12,"column":0},"end":{"line":12,"column":49}},"12":{"start":{"line":13,"column":0},"end":{"line":13,"column":5}},"13":{"start":{"line":14,"column":0},"end":{"line":14,"column":1}},"19":{"start":{"line":20,"column":0},"end":{"line":20,"column":84}},"20":{"start":{"line":21,"column":0},"end":{"line":21,"column":38}},"21":{"start":{"line":22,"column":0},"end":{"line":22,"column":59}},"22":{"start":{"line":23,"column":0},"end":{"line":23,"column":33}},"23":{"start":{"line":24,"column":0},"end":{"line":24,"column":2}},"31":{"start":{"line":32,"column":0},"end":{"line":32,"column":38}},"32":{"start":{"line":33,"column":0},"end":{"line":33,"column":21}},"36":{"start":{"line":37,"column":0},"end":{"line":37,"column":6}},"37":{"start":{"line":38,"column":0},"end":{"line":38,"column":46}},"40":{"start":{"line":41,"column":0},"end":{"line":41,"column":43}},"41":{"start":{"line":42,"column":0},"end":{"line":42,"column":94}},"42":{"start":{"line":43,"column":0},"end":{"line":43,"column":5}},"44":{"start":{"line":45,"column":0},"end":{"line":45,"column":69}},"46":{"start":{"line":47,"column":0},"end":{"line":47,"column":81}},"48":{"start":{"line":49,"column":0},"end":{"line":49,"column":71}},"49":{"start":{"line":50,"column":0},"end":{"line":50,"column":2}},"56":{"start":{"line":57,"column":0},"end":{"line":57,"column":90}},"57":{"start":{"line":58,"column":0},"end":{"line":58,"column":62}},"58":{"start":{"line":59,"column":0},"end":{"line":59,"column":85}},"59":{"start":{"line":60,"column":0},"end":{"line":60,"column":69}},"60":{"start":{"line":61,"column":0},"end":{"line":61,"column":8}},"61":{"start":{"line":62,"column":0},"end":{"line":62,"column":2}},"68":{"start":{"line":69,"column":0},"end":{"line":69,"column":51}},"69":{"start":{"line":70,"column":0},"end":{"line":70,"column":52}},"70":{"start":{"line":71,"column":0},"end":{"line":71,"column":2}},"76":{"start":{"line":77,"column":0},"end":{"line":77,"column":94}},"77":{"start":{"line":78,"column":0},"end":{"line":78,"column":61}},"78":{"start":{"line":79,"column":0},"end":{"line":79,"column":55}},"80":{"start":{"line":81,"column":0},"end":{"line":81,"column":81}},"81":{"start":{"line":82,"column":0},"end":{"line":82,"column":2}}},"s":{"0":1,"8":1,"9":1,"10":3,"11":3,"12":3,"13":1,"19":1,"20":7,"21":7,"22":7,"23":7,"31":1,"32":7,"36":7,"37":7,"40":7,"41":3,"42":3,"44":4,"46":4,"48":4,"49":4,"56":1,"57":14,"58":116,"59":116,"60":14,"61":14,"68":1,"69":10,"70":10,"76":1,"77":10,"78":10,"80":10,"81":10},"branchMap":{"0":{"type":"branch","line":10,"loc":{"start":{"line":10,"column":4},"end":{"line":13,"column":5}},"locations":[{"start":{"line":10,"column":4},"end":{"line":13,"column":5}}]},"1":{"type":"branch","line":20,"loc":{"start":{"line":20,"column":27},"end":{"line":24,"column":2}},"locations":[{"start":{"line":20,"column":27},"end":{"line":24,"column":2}}]},"2":{"type":"branch","line":32,"loc":{"start":{"line":32,"column":37},"end":{"line":50,"column":2}},"locations":[{"start":{"line":32,"column":37},"end":{"line":50,"column":2}}]},"3":{"type":"branch","line":41,"loc":{"start":{"line":41,"column":42},"end":{"line":50,"column":2}},"locations":[{"start":{"line":41,"column":42},"end":{"line":50,"column":2}}]},"4":{"type":"branch","line":41,"loc":{"start":{"line":41,"column":42},"end":{"line":43,"column":5}},"locations":[{"start":{"line":41,"column":42},"end":{"line":43,"column":5}}]},"5":{"type":"branch","line":43,"loc":{"start":{"line":43,"column":4},"end":{"line":50,"column":2}},"locations":[{"start":{"line":43,"column":4},"end":{"line":50,"column":2}}]},"6":{"type":"branch","line":57,"loc":{"start":{"line":57,"column":40},"end":{"line":62,"column":2}},"locations":[{"start":{"line":57,"column":40},"end":{"line":62,"column":2}}]},"7":{"type":"branch","line":58,"loc":{"start":{"line":58,"column":42},"end":{"line":61,"column":6}},"locations":[{"start":{"line":58,"column":42},"end":{"line":61,"column":6}}]},"8":{"type":"branch","line":59,"loc":{"start":{"line":59,"column":32},"end":{"line":59,"column":71}},"locations":[{"start":{"line":59,"column":32},"end":{"line":59,"column":71}}]},"9":{"type":"branch","line":59,"loc":{"start":{"line":59,"column":67},"end":{"line":59,"column":85}},"locations":[{"start":{"line":59,"column":67},"end":{"line":59,"column":85}}]},"10":{"type":"branch","line":60,"loc":{"start":{"line":60,"column":41},"end":{"line":60,"column":69}},"locations":[{"start":{"line":60,"column":41},"end":{"line":60,"column":69}}]},"11":{"type":"branch","line":69,"loc":{"start":{"line":69,"column":25},"end":{"line":71,"column":2}},"locations":[{"start":{"line":69,"column":25},"end":{"line":71,"column":2}}]},"12":{"type":"branch","line":77,"loc":{"start":{"line":77,"column":38},"end":{"line":82,"column":2}},"locations":[{"start":{"line":77,"column":38},"end":{"line":82,"column":2}}]},"13":{"type":"branch","line":81,"loc":{"start":{"line":81,"column":35},"end":{"line":81,"column":79}},"locations":[{"start":{"line":81,"column":35},"end":{"line":81,"column":79}}]}},"b":{"0":[3],"1":[7],"2":[7],"3":[5],"4":[3],"5":[4],"6":[14],"7":[116],"8":[90],"9":[26],"10":[1],"11":[10],"12":[10],"13":[42]},"fnMap":{"0":{"name":"InvalidServerResponseError","decl":{"start":{"line":10,"column":4},"end":{"line":13,"column":5}},"loc":{"start":{"line":10,"column":4},"end":{"line":13,"column":5}},"line":10},"1":{"name":"getFirstJsonObject","decl":{"start":{"line":20,"column":27},"end":{"line":24,"column":2}},"loc":{"start":{"line":20,"column":27},"end":{"line":24,"column":2}},"line":20},"2":{"name":"transformAnalysisData","decl":{"start":{"line":32,"column":37},"end":{"line":50,"column":2}},"loc":{"start":{"line":32,"column":37},"end":{"line":50,"column":2}},"line":32},"3":{"name":"convertHighlightsToArray","decl":{"start":{"line":57,"column":40},"end":{"line":62,"column":2}},"loc":{"start":{"line":57,"column":40},"end":{"line":62,"column":2}},"line":57},"4":{"name":"isCsvFile","decl":{"start":{"line":69,"column":25},"end":{"line":71,"column":2}},"loc":{"start":{"line":69,"column":25},"end":{"line":71,"column":2}},"line":69},"5":{"name":"validateServerResponse","decl":{"start":{"line":77,"column":38},"end":{"line":82,"column":2}},"loc":{"start":{"line":77,"column":38},"end":{"line":82,"column":2}},"line":77}},"f":{"0":3,"1":7,"2":7,"3":14,"4":10,"5":10}}
,"/Users/azamatos/www/yandex/shri-2025/src/utils/consts.ts": {"path":"/Users/azamatos/www/yandex/shri-2025/src/utils/consts.ts","all":false,"statementMap":{"0":{"start":{"line":1,"column":0},"end":{"line":1,"column":42}},"2":{"start":{"line":3,"column":0},"end":{"line":3,"column":81}},"4":{"start":{"line":5,"column":0},"end":{"line":5,"column":57}},"5":{"start":{"line":6,"column":0},"end":{"line":6,"column":42}},"6":{"start":{"line":7,"column":0},"end":{"line":7,"column":38}},"7":{"start":{"line":8,"column":0},"end":{"line":8,"column":39}},"8":{"start":{"line":9,"column":0},"end":{"line":9,"column":38}},"9":{"start":{"line":10,"column":0},"end":{"line":10,"column":43}},"10":{"start":{"line":11,"column":0},"end":{"line":11,"column":42}},"11":{"start":{"line":12,"column":0},"end":{"line":12,"column":46}},"12":{"start":{"line":13,"column":0},"end":{"line":13,"column":46}},"13":{"start":{"line":14,"column":0},"end":{"line":14,"column":47}},"14":{"start":{"line":15,"column":0},"end":{"line":15,"column":2}}},"s":{"0":1,"2":1,"4":1,"5":1,"6":1,"7":1,"8":1,"9":1,"10":1,"11":1,"12":1,"13":1,"14":1},"branchMap":{},"b":{},"fnMap":{},"f":{}}
,"/Users/azamatos/www/yandex/shri-2025/src/utils/formateDate.ts": {"path":"/Users/azamatos/www/yandex/shri-2025/src/utils/formateDate.ts","all":false,"statementMap":{"5":{"start":{"line":6,"column":0},"end":{"line":6,"column":65}},"6":{"start":{"line":7,"column":0},"end":{"line":7,"column":77}},"8":{"start":{"line":9,"column":0},"end":{"line":9,"column":59}},"9":{"start":{"line":10,"column":0},"end":{"line":10,"column":102}},"10":{"start":{"line":11,"column":0},"end":{"line":11,"column":36}},"12":{"start":{"line":13,"column":0},"end":{"line":13,"column":37}},"13":{"start":{"line":14,"column":0},"end":{"line":14,"column":2}}},"s":{"5":1,"6":21,"8":21,"9":21,"10":21,"12":21,"13":21},"branchMap":{"0":{"type":"branch","line":6,"loc":{"start":{"line":6,"column":26},"end":{"line":14,"column":2}},"locations":[{"start":{"line":6,"column":26},"end":{"line":14,"column":2}}]},"1":{"type":"branch","line":7,"loc":{"start":{"line":7,"column":38},"end":{"line":7,"column":57}},"locations":[{"start":{"line":7,"column":38},"end":{"line":7,"column":57}}]},"2":{"type":"branch","line":7,"loc":{"start":{"line":7,"column":45},"end":{"line":7,"column":77}},"locations":[{"start":{"line":7,"column":45},"end":{"line":7,"column":77}}]}},"b":{"0":[21],"1":[3],"2":[18]},"fnMap":{"0":{"name":"formatDate","decl":{"start":{"line":6,"column":26},"end":{"line":14,"column":2}},"loc":{"start":{"line":6,"column":26},"end":{"line":14,"column":2}},"line":6}},"f":{"0":21}}
,"/Users/azamatos/www/yandex/shri-2025/src/utils/persist.ts": {"path":"/Users/azamatos/www/yandex/shri-2025/src/utils/persist.ts","all":false,"statementMap":{"8":{"start":{"line":9,"column":0},"end":{"line":9,"column":119}},"9":{"start":{"line":10,"column":0},"end":{"line":10,"column":12}},"10":{"start":{"line":11,"column":0},"end":{"line":11,"column":13}},"11":{"start":{"line":12,"column":0},"end":{"line":12,"column":30}},"12":{"start":{"line":13,"column":0},"end":{"line":13,"column":117}},"13":{"start":{"line":14,"column":0},"end":{"line":14,"column":6}},"14":{"start":{"line":15,"column":0},"end":{"line":15,"column":1}}},"s":{"8":1,"9":13,"10":13,"11":13,"12":105,"13":13,"14":13},"branchMap":{"0":{"type":"branch","line":9,"loc":{"start":{"line":9,"column":7},"end":{"line":15,"column":1}},"locations":[{"start":{"line":9,"column":7},"end":{"line":15,"column":1}}]},"1":{"type":"branch","line":12,"loc":{"start":{"line":12,"column":20},"end":{"line":13,"column":117}},"locations":[{"start":{"line":12,"column":20},"end":{"line":13,"column":117}}]},"2":{"type":"branch","line":13,"loc":{"start":{"line":13,"column":60},"end":{"line":13,"column":109}},"locations":[{"start":{"line":13,"column":60},"end":{"line":13,"column":109}}]}},"b":{"0":[13],"1":[105],"2":[1192]},"fnMap":{"0":{"name":"createPersistConfig","decl":{"start":{"line":9,"column":7},"end":{"line":15,"column":1}},"loc":{"start":{"line":9,"column":7},"end":{"line":15,"column":1}},"line":9},"1":{"name":"partialize","decl":{"start":{"line":12,"column":20},"end":{"line":13,"column":117}},"loc":{"start":{"line":12,"column":20},"end":{"line":13,"column":117}},"line":12}},"f":{"0":13,"1":105}}
,"/Users/azamatos/www/yandex/shri-2025/src/utils/storage.ts": {"path":"/Users/azamatos/www/yandex/shri-2025/src/utils/storage.ts","all":false,"statementMap":{"0":{"start":{"line":1,"column":0},"end":{"line":1,"column":53}},"4":{"start":{"line":5,"column":0},"end":{"line":5,"column":52}},"5":{"start":{"line":6,"column":0},"end":{"line":6,"column":9}},"6":{"start":{"line":7,"column":0},"end":{"line":7,"column":58}},"7":{"start":{"line":8,"column":0},"end":{"line":8,"column":50}},"8":{"start":{"line":9,"column":0},"end":{"line":9,"column":13}},"9":{"start":{"line":10,"column":0},"end":{"line":10,"column":18}},"10":{"start":{"line":11,"column":0},"end":{"line":11,"column":5}},"11":{"start":{"line":12,"column":0},"end":{"line":12,"column":2}},"13":{"start":{"line":14,"column":0},"end":{"line":14,"column":82}},"14":{"start":{"line":15,"column":0},"end":{"line":15,"column":9}},"15":{"start":{"line":16,"column":0},"end":{"line":16,"column":37}},"16":{"start":{"line":17,"column":0},"end":{"line":17,"column":42}},"17":{"start":{"line":18,"column":0},"end":{"line":18,"column":20}},"18":{"start":{"line":19,"column":0},"end":{"line":19,"column":36}},"19":{"start":{"line":20,"column":0},"end":{"line":20,"column":34}},"20":{"start":{"line":21,"column":0},"end":{"line":21,"column":10}},"22":{"start":{"line":23,"column":0},"end":{"line":23,"column":81}},"24":{"start":{"line":25,"column":0},"end":{"line":25,"column":23}},"25":{"start":{"line":26,"column":0},"end":{"line":26,"column":21}},"26":{"start":{"line":27,"column":0},"end":{"line":27,"column":63}},"27":{"start":{"line":28,"column":0},"end":{"line":28,"column":20}},"28":{"start":{"line":29,"column":0},"end":{"line":29,"column":5}},"29":{"start":{"line":30,"column":0},"end":{"line":30,"column":2}},"31":{"start":{"line":32,"column":0},"end":{"line":32,"column":50}},"32":{"start":{"line":33,"column":0},"end":{"line":33,"column":9}},"33":{"start":{"line":34,"column":0},"end":{"line":34,"column":37}},"34":{"start":{"line":35,"column":0},"end":{"line":35,"column":68}},"35":{"start":{"line":36,"column":0},"end":{"line":36,"column":70}},"36":{"start":{"line":37,"column":0},"end":{"line":37,"column":21}},"37":{"start":{"line":38,"column":0},"end":{"line":38,"column":68}},"38":{"start":{"line":39,"column":0},"end":{"line":39,"column":20}},"39":{"start":{"line":40,"column":0},"end":{"line":40,"column":5}},"40":{"start":{"line":41,"column":0},"end":{"line":41,"column":2}},"42":{"start":{"line":43,"column":0},"end":{"line":43,"column":35}},"43":{"start":{"line":44,"column":0},"end":{"line":44,"column":9}},"44":{"start":{"line":45,"column":0},"end":{"line":45,"column":45}},"45":{"start":{"line":46,"column":0},"end":{"line":46,"column":21}},"46":{"start":{"line":47,"column":0},"end":{"line":47,"column":57}},"47":{"start":{"line":48,"column":0},"end":{"line":48,"column":20}},"48":{"start":{"line":49,"column":0},"end":{"line":49,"column":5}},"49":{"start":{"line":50,"column":0},"end":{"line":50,"column":2}}},"s":{"0":1,"4":1,"5":43,"6":43,"7":43,"8":43,"9":3,"10":3,"11":43,"13":1,"14":15,"15":15,"16":15,"17":15,"18":15,"19":15,"20":15,"22":15,"24":15,"25":15,"26":1,"27":1,"28":1,"29":15,"31":1,"32":4,"33":4,"34":4,"35":4,"36":4,"37":1,"38":1,"39":1,"40":4,"42":1,"43":13,"44":13,"45":13,"46":1,"47":1,"48":1,"49":13},"branchMap":{"0":{"type":"branch","line":5,"loc":{"start":{"line":5,"column":26},"end":{"line":12,"column":2}},"locations":[{"start":{"line":5,"column":26},"end":{"line":12,"column":2}}]},"1":{"type":"branch","line":8,"loc":{"start":{"line":8,"column":15},"end":{"line":8,"column":47}},"locations":[{"start":{"line":8,"column":15},"end":{"line":8,"column":47}}]},"2":{"type":"branch","line":8,"loc":{"start":{"line":8,"column":43},"end":{"line":8,"column":50}},"locations":[{"start":{"line":8,"column":43},"end":{"line":8,"column":50}}]},"3":{"type":"branch","line":9,"loc":{"start":{"line":9,"column":4},"end":{"line":11,"column":5}},"locations":[{"start":{"line":9,"column":4},"end":{"line":11,"column":5}}]},"4":{"type":"branch","line":14,"loc":{"start":{"line":14,"column":28},"end":{"line":30,"column":2}},"locations":[{"start":{"line":14,"column":28},"end":{"line":30,"column":2}}]},"5":{"type":"branch","line":26,"loc":{"start":{"line":26,"column":4},"end":{"line":29,"column":5}},"locations":[{"start":{"line":26,"column":4},"end":{"line":29,"column":5}}]},"6":{"type":"branch","line":32,"loc":{"start":{"line":32,"column":33},"end":{"line":41,"column":2}},"locations":[{"start":{"line":32,"column":33},"end":{"line":41,"column":2}}]},"7":{"type":"branch","line":37,"loc":{"start":{"line":37,"column":4},"end":{"line":40,"column":5}},"locations":[{"start":{"line":37,"column":4},"end":{"line":40,"column":5}}]},"8":{"type":"branch","line":35,"loc":{"start":{"line":35,"column":42},"end":{"line":35,"column":66}},"locations":[{"start":{"line":35,"column":42},"end":{"line":35,"column":66}}]},"9":{"type":"branch","line":43,"loc":{"start":{"line":43,"column":28},"end":{"line":50,"column":2}},"locations":[{"start":{"line":43,"column":28},"end":{"line":50,"column":2}}]},"10":{"type":"branch","line":46,"loc":{"start":{"line":46,"column":4},"end":{"line":49,"column":5}},"locations":[{"start":{"line":46,"column":4},"end":{"line":49,"column":5}}]}},"b":{"0":[43],"1":[28],"2":[15],"3":[3],"4":[15],"5":[1],"6":[4],"7":[1],"8":[5],"9":[13],"10":[1]},"fnMap":{"0":{"name":"getHistory","decl":{"start":{"line":5,"column":26},"end":{"line":12,"column":2}},"loc":{"start":{"line":5,"column":26},"end":{"line":12,"column":2}},"line":5},"1":{"name":"addToHistory","decl":{"start":{"line":14,"column":28},"end":{"line":30,"column":2}},"loc":{"start":{"line":14,"column":28},"end":{"line":30,"column":2}},"line":14},"2":{"name":"removeFromHistory","decl":{"start":{"line":32,"column":33},"end":{"line":41,"column":2}},"loc":{"start":{"line":32,"column":33},"end":{"line":41,"column":2}},"line":32},"3":{"name":"clearHistory","decl":{"start":{"line":43,"column":28},"end":{"line":50,"column":2}},"loc":{"start":{"line":43,"column":28},"end":{"line":50,"column":2}},"line":43}},"f":{"0":43,"1":15,"2":4,"3":13}}
}
